time="2020-01-23T16:55:26+02:00" level=debug msg="OpenShift Installer v4.2.11"
time="2020-01-23T16:55:26+02:00" level=debug msg="Built from commit 6b629f0c847887f22c7a95586e49b0e2434161c3"
time="2020-01-23T16:55:26+02:00" level=debug msg="Fetching \"Master Machines\"..."
time="2020-01-23T16:55:26+02:00" level=debug msg="Loading \"Master Machines\"..."
time="2020-01-23T16:55:26+02:00" level=debug msg="  Loading \"Cluster ID\"..."
time="2020-01-23T16:55:26+02:00" level=debug msg="    Loading \"Install Config\"..."
time="2020-01-23T16:55:26+02:00" level=debug msg="      Loading \"SSH Key\"..."
time="2020-01-23T16:55:26+02:00" level=debug msg="      Loading \"Base Domain\"..."
time="2020-01-23T16:55:26+02:00" level=debug msg="        Loading \"Platform\"..."
time="2020-01-23T16:55:26+02:00" level=debug msg="      Loading \"Cluster Name\"..."
time="2020-01-23T16:55:26+02:00" level=debug msg="        Loading \"Base Domain\"..."
time="2020-01-23T16:55:26+02:00" level=debug msg="      Loading \"Pull Secret\"..."
time="2020-01-23T16:55:26+02:00" level=debug msg="      Loading \"Platform\"..."
time="2020-01-23T16:55:26+02:00" level=debug msg="    Using \"Install Config\" loaded from target directory"
time="2020-01-23T16:55:26+02:00" level=debug msg="  Loading \"Platform Credentials Check\"..."
time="2020-01-23T16:55:26+02:00" level=debug msg="    Loading \"Install Config\"..."
time="2020-01-23T16:55:26+02:00" level=debug msg="  Loading \"Install Config\"..."
time="2020-01-23T16:55:26+02:00" level=debug msg="  Loading \"Image\"..."
time="2020-01-23T16:55:26+02:00" level=debug msg="    Loading \"Install Config\"..."
time="2020-01-23T16:55:26+02:00" level=debug msg="  Loading \"Master Ignition Config\"..."
time="2020-01-23T16:55:26+02:00" level=debug msg="    Loading \"Install Config\"..."
time="2020-01-23T16:55:26+02:00" level=debug msg="    Loading \"Root CA\"..."
time="2020-01-23T16:55:26+02:00" level=debug msg="  Fetching \"Cluster ID\"..."
time="2020-01-23T16:55:26+02:00" level=debug msg="    Fetching \"Install Config\"..."
time="2020-01-23T16:55:26+02:00" level=debug msg="    Reusing previously-fetched \"Install Config\""
time="2020-01-23T16:55:26+02:00" level=debug msg="  Generating \"Cluster ID\"..."
time="2020-01-23T16:55:26+02:00" level=debug msg="  Fetching \"Platform Credentials Check\"..."
time="2020-01-23T16:55:26+02:00" level=debug msg="    Fetching \"Install Config\"..."
time="2020-01-23T16:55:26+02:00" level=debug msg="    Reusing previously-fetched \"Install Config\""
time="2020-01-23T16:55:26+02:00" level=debug msg="  Generating \"Platform Credentials Check\"..."
time="2020-01-23T16:55:26+02:00" level=debug msg="  Fetching \"Install Config\"..."
time="2020-01-23T16:55:26+02:00" level=debug msg="  Reusing previously-fetched \"Install Config\""
time="2020-01-23T16:55:26+02:00" level=debug msg="  Fetching \"Image\"..."
time="2020-01-23T16:55:26+02:00" level=debug msg="    Fetching \"Install Config\"..."
time="2020-01-23T16:55:26+02:00" level=debug msg="    Reusing previously-fetched \"Install Config\""
time="2020-01-23T16:55:26+02:00" level=debug msg="  Generating \"Image\"..."
time="2020-01-23T16:55:26+02:00" level=debug msg="  Fetching \"Master Ignition Config\"..."
time="2020-01-23T16:55:26+02:00" level=debug msg="    Fetching \"Install Config\"..."
time="2020-01-23T16:55:26+02:00" level=debug msg="    Reusing previously-fetched \"Install Config\""
time="2020-01-23T16:55:26+02:00" level=debug msg="    Fetching \"Root CA\"..."
time="2020-01-23T16:55:26+02:00" level=debug msg="    Generating \"Root CA\"..."
time="2020-01-23T16:55:26+02:00" level=debug msg="  Generating \"Master Ignition Config\"..."
time="2020-01-23T16:55:26+02:00" level=debug msg="Generating \"Master Machines\"..."
time="2020-01-23T16:55:26+02:00" level=info msg="Consuming \"Install Config\" from target directory"
time="2020-01-23T16:55:26+02:00" level=debug msg="Purging asset \"Install Config\" from disk"
time="2020-01-23T16:55:26+02:00" level=debug msg="Fetching \"Worker Machines\"..."
time="2020-01-23T16:55:26+02:00" level=debug msg="Loading \"Worker Machines\"..."
time="2020-01-23T16:55:26+02:00" level=debug msg="  Loading \"Cluster ID\"..."
time="2020-01-23T16:55:26+02:00" level=debug msg="  Loading \"Platform Credentials Check\"..."
time="2020-01-23T16:55:26+02:00" level=debug msg="  Loading \"Install Config\"..."
time="2020-01-23T16:55:26+02:00" level=debug msg="  Loading \"Image\"..."
time="2020-01-23T16:55:26+02:00" level=debug msg="  Loading \"Worker Ignition Config\"..."
time="2020-01-23T16:55:26+02:00" level=debug msg="    Loading \"Install Config\"..."
time="2020-01-23T16:55:26+02:00" level=debug msg="    Loading \"Root CA\"..."
time="2020-01-23T16:55:26+02:00" level=debug msg="  Fetching \"Cluster ID\"..."
time="2020-01-23T16:55:26+02:00" level=debug msg="  Reusing previously-fetched \"Cluster ID\""
time="2020-01-23T16:55:26+02:00" level=debug msg="  Fetching \"Platform Credentials Check\"..."
time="2020-01-23T16:55:26+02:00" level=debug msg="  Reusing previously-fetched \"Platform Credentials Check\""
time="2020-01-23T16:55:26+02:00" level=debug msg="  Fetching \"Install Config\"..."
time="2020-01-23T16:55:26+02:00" level=debug msg="  Reusing previously-fetched \"Install Config\""
time="2020-01-23T16:55:26+02:00" level=debug msg="  Fetching \"Image\"..."
time="2020-01-23T16:55:26+02:00" level=debug msg="  Reusing previously-fetched \"Image\""
time="2020-01-23T16:55:26+02:00" level=debug msg="  Fetching \"Worker Ignition Config\"..."
time="2020-01-23T16:55:26+02:00" level=debug msg="    Fetching \"Install Config\"..."
time="2020-01-23T16:55:26+02:00" level=debug msg="    Reusing previously-fetched \"Install Config\""
time="2020-01-23T16:55:26+02:00" level=debug msg="    Fetching \"Root CA\"..."
time="2020-01-23T16:55:26+02:00" level=debug msg="    Reusing previously-fetched \"Root CA\""
time="2020-01-23T16:55:26+02:00" level=debug msg="  Generating \"Worker Ignition Config\"..."
time="2020-01-23T16:55:26+02:00" level=debug msg="Generating \"Worker Machines\"..."
time="2020-01-23T16:55:26+02:00" level=debug msg="Fetching \"Common Manifests\"..."
time="2020-01-23T16:55:26+02:00" level=debug msg="Loading \"Common Manifests\"..."
time="2020-01-23T16:55:26+02:00" level=debug msg="  Loading \"Cluster ID\"..."
time="2020-01-23T16:55:26+02:00" level=debug msg="  Loading \"Install Config\"..."
time="2020-01-23T16:55:26+02:00" level=debug msg="  Loading \"Ingress Config\"..."
time="2020-01-23T16:55:26+02:00" level=debug msg="    Loading \"Install Config\"..."
time="2020-01-23T16:55:26+02:00" level=debug msg="  Loading \"DNS Config\"..."
time="2020-01-23T16:55:26+02:00" level=debug msg="    Loading \"Install Config\"..."
time="2020-01-23T16:55:26+02:00" level=debug msg="    Loading \"Cluster ID\"..."
time="2020-01-23T16:55:26+02:00" level=debug msg="    Loading \"Platform Credentials Check\"..."
time="2020-01-23T16:55:26+02:00" level=debug msg="  Loading \"Infrastructure Config\"..."
time="2020-01-23T16:55:26+02:00" level=debug msg="    Loading \"Cluster ID\"..."
time="2020-01-23T16:55:26+02:00" level=debug msg="    Loading \"Install Config\"..."
time="2020-01-23T16:55:26+02:00" level=debug msg="    Loading \"Cloud Provider Config\"..."
time="2020-01-23T16:55:26+02:00" level=debug msg="      Loading \"Install Config\"..."
time="2020-01-23T16:55:26+02:00" level=debug msg="      Loading \"Cluster ID\"..."
time="2020-01-23T16:55:26+02:00" level=debug msg="      Loading \"Platform Credentials Check\"..."
time="2020-01-23T16:55:26+02:00" level=debug msg="    Loading \"Additional Trust Bundle Config\"..."
time="2020-01-23T16:55:26+02:00" level=debug msg="      Loading \"Install Config\"..."
time="2020-01-23T16:55:26+02:00" level=debug msg="  Loading \"Network Config\"..."
time="2020-01-23T16:55:26+02:00" level=debug msg="    Loading \"Install Config\"..."
time="2020-01-23T16:55:26+02:00" level=debug msg="    Loading \"Network CRDs\"..."
time="2020-01-23T16:55:26+02:00" level=debug msg="  Loading \"Proxy Config\"..."
time="2020-01-23T16:55:26+02:00" level=debug msg="    Loading \"Install Config\"..."
time="2020-01-23T16:55:26+02:00" level=debug msg="    Loading \"Network Config\"..."
time="2020-01-23T16:55:26+02:00" level=debug msg="  Loading \"Scheduler Config\"..."
time="2020-01-23T16:55:26+02:00" level=debug msg="    Loading \"Install Config\"..."
time="2020-01-23T16:55:26+02:00" level=debug msg="  Loading \"Image Content Source Policy\"..."
time="2020-01-23T16:55:26+02:00" level=debug msg="    Loading \"Install Config\"..."
time="2020-01-23T16:55:26+02:00" level=debug msg="  Loading \"Root CA\"..."
time="2020-01-23T16:55:26+02:00" level=debug msg="  Loading \"Certificate (etcd-signer)\"..."
time="2020-01-23T16:55:26+02:00" level=debug msg="  Loading \"Certificate (etcd-ca-bundle)\"..."
time="2020-01-23T16:55:26+02:00" level=debug msg="    Loading \"Certificate (etcd-signer)\"..."
time="2020-01-23T16:55:26+02:00" level=debug msg="  Loading \"Certificate (etcd-client)\"..."
time="2020-01-23T16:55:26+02:00" level=debug msg="    Loading \"Certificate (etcd-signer)\"..."
time="2020-01-23T16:55:26+02:00" level=debug msg="  Loading \"Certificate (etcd-metric-ca-bundle)\"..."
time="2020-01-23T16:55:26+02:00" level=debug msg="    Loading \"Certificate (etcd-metric-signer)\"..."
time="2020-01-23T16:55:26+02:00" level=debug msg="  Loading \"Certificate (etcd-metric-signer)\"..."
time="2020-01-23T16:55:26+02:00" level=debug msg="  Loading \"Certificate (etcd-metric-signer-client)\"..."
time="2020-01-23T16:55:26+02:00" level=debug msg="    Loading \"Certificate (etcd-metric-signer)\"..."
time="2020-01-23T16:55:26+02:00" level=debug msg="  Loading \"Certificate (mcs)\"..."
time="2020-01-23T16:55:26+02:00" level=debug msg="    Loading \"Root CA\"..."
time="2020-01-23T16:55:26+02:00" level=debug msg="    Loading \"Install Config\"..."
time="2020-01-23T16:55:26+02:00" level=debug msg="  Loading \"CVOOverrides\"..."
time="2020-01-23T16:55:26+02:00" level=debug msg="  Loading \"EtcdCAConfigMap\"..."
time="2020-01-23T16:55:26+02:00" level=debug msg="  Loading \"EtcdClientSecret\"..."
time="2020-01-23T16:55:26+02:00" level=debug msg="  Loading \"EtcdHostServiceEndpoints\"..."
time="2020-01-23T16:55:26+02:00" level=debug msg="  Loading \"EtcdHostService\"..."
time="2020-01-23T16:55:26+02:00" level=debug msg="  Loading \"EtcdMetricClientSecret\"..."
time="2020-01-23T16:55:26+02:00" level=debug msg="  Loading \"EtcdMetricServingCAConfigMap\"..."
time="2020-01-23T16:55:26+02:00" level=debug msg="  Loading \"EtcdMetricSignerSecret\"..."
time="2020-01-23T16:55:26+02:00" level=debug msg="  Loading \"EtcdNamespace\"..."
time="2020-01-23T16:55:26+02:00" level=debug msg="  Loading \"EtcdService\"..."
time="2020-01-23T16:55:26+02:00" level=debug msg="  Loading \"EtcdSignerSecret\"..."
time="2020-01-23T16:55:26+02:00" level=debug msg="  Loading \"KubeCloudConfig\"..."
time="2020-01-23T16:55:26+02:00" level=debug msg="  Loading \"EtcdServingCAConfigMap\"..."
time="2020-01-23T16:55:26+02:00" level=debug msg="  Loading \"KubeSystemConfigmapRootCA\"..."
time="2020-01-23T16:55:26+02:00" level=debug msg="  Loading \"MachineConfigServerTLSSecret\"..."
time="2020-01-23T16:55:26+02:00" level=debug msg="  Loading \"OpenshiftConfigSecretPullSecret\"..."
time="2020-01-23T16:55:26+02:00" level=debug msg="  Loading \"OpenshiftMachineConfigOperator\"..."
time="2020-01-23T16:55:26+02:00" level=debug msg="  Fetching \"Cluster ID\"..."
time="2020-01-23T16:55:26+02:00" level=debug msg="  Reusing previously-fetched \"Cluster ID\""
time="2020-01-23T16:55:26+02:00" level=debug msg="  Fetching \"Install Config\"..."
time="2020-01-23T16:55:26+02:00" level=debug msg="  Reusing previously-fetched \"Install Config\""
time="2020-01-23T16:55:26+02:00" level=debug msg="  Fetching \"Ingress Config\"..."
time="2020-01-23T16:55:26+02:00" level=debug msg="    Fetching \"Install Config\"..."
time="2020-01-23T16:55:26+02:00" level=debug msg="    Reusing previously-fetched \"Install Config\""
time="2020-01-23T16:55:26+02:00" level=debug msg="  Generating \"Ingress Config\"..."
time="2020-01-23T16:55:26+02:00" level=debug msg="  Fetching \"DNS Config\"..."
time="2020-01-23T16:55:26+02:00" level=debug msg="    Fetching \"Install Config\"..."
time="2020-01-23T16:55:26+02:00" level=debug msg="    Reusing previously-fetched \"Install Config\""
time="2020-01-23T16:55:26+02:00" level=debug msg="    Fetching \"Cluster ID\"..."
time="2020-01-23T16:55:26+02:00" level=debug msg="    Reusing previously-fetched \"Cluster ID\""
time="2020-01-23T16:55:26+02:00" level=debug msg="    Fetching \"Platform Credentials Check\"..."
time="2020-01-23T16:55:26+02:00" level=debug msg="    Reusing previously-fetched \"Platform Credentials Check\""
time="2020-01-23T16:55:26+02:00" level=debug msg="  Generating \"DNS Config\"..."
time="2020-01-23T16:55:26+02:00" level=debug msg="  Fetching \"Infrastructure Config\"..."
time="2020-01-23T16:55:26+02:00" level=debug msg="    Fetching \"Cluster ID\"..."
time="2020-01-23T16:55:26+02:00" level=debug msg="    Reusing previously-fetched \"Cluster ID\""
time="2020-01-23T16:55:26+02:00" level=debug msg="    Fetching \"Install Config\"..."
time="2020-01-23T16:55:26+02:00" level=debug msg="    Reusing previously-fetched \"Install Config\""
time="2020-01-23T16:55:26+02:00" level=debug msg="    Fetching \"Cloud Provider Config\"..."
time="2020-01-23T16:55:26+02:00" level=debug msg="      Fetching \"Install Config\"..."
time="2020-01-23T16:55:26+02:00" level=debug msg="      Reusing previously-fetched \"Install Config\""
time="2020-01-23T16:55:26+02:00" level=debug msg="      Fetching \"Cluster ID\"..."
time="2020-01-23T16:55:26+02:00" level=debug msg="      Reusing previously-fetched \"Cluster ID\""
time="2020-01-23T16:55:26+02:00" level=debug msg="      Fetching \"Platform Credentials Check\"..."
time="2020-01-23T16:55:26+02:00" level=debug msg="      Reusing previously-fetched \"Platform Credentials Check\""
time="2020-01-23T16:55:26+02:00" level=debug msg="    Generating \"Cloud Provider Config\"..."
time="2020-01-23T16:55:26+02:00" level=debug msg="    Fetching \"Additional Trust Bundle Config\"..."
time="2020-01-23T16:55:26+02:00" level=debug msg="      Fetching \"Install Config\"..."
time="2020-01-23T16:55:26+02:00" level=debug msg="      Reusing previously-fetched \"Install Config\""
time="2020-01-23T16:55:26+02:00" level=debug msg="    Generating \"Additional Trust Bundle Config\"..."
time="2020-01-23T16:55:26+02:00" level=debug msg="  Generating \"Infrastructure Config\"..."
time="2020-01-23T16:55:26+02:00" level=debug msg="  Fetching \"Network Config\"..."
time="2020-01-23T16:55:26+02:00" level=debug msg="    Fetching \"Install Config\"..."
time="2020-01-23T16:55:26+02:00" level=debug msg="    Reusing previously-fetched \"Install Config\""
time="2020-01-23T16:55:26+02:00" level=debug msg="    Fetching \"Network CRDs\"..."
time="2020-01-23T16:55:26+02:00" level=debug msg="    Generating \"Network CRDs\"..."
time="2020-01-23T16:55:26+02:00" level=debug msg="  Generating \"Network Config\"..."
time="2020-01-23T16:55:26+02:00" level=debug msg="  Fetching \"Proxy Config\"..."
time="2020-01-23T16:55:26+02:00" level=debug msg="    Fetching \"Install Config\"..."
time="2020-01-23T16:55:26+02:00" level=debug msg="    Reusing previously-fetched \"Install Config\""
time="2020-01-23T16:55:26+02:00" level=debug msg="    Fetching \"Network Config\"..."
time="2020-01-23T16:55:26+02:00" level=debug msg="    Reusing previously-fetched \"Network Config\""
time="2020-01-23T16:55:26+02:00" level=debug msg="  Generating \"Proxy Config\"..."
time="2020-01-23T16:55:26+02:00" level=debug msg="  Fetching \"Scheduler Config\"..."
time="2020-01-23T16:55:26+02:00" level=debug msg="    Fetching \"Install Config\"..."
time="2020-01-23T16:55:26+02:00" level=debug msg="    Reusing previously-fetched \"Install Config\""
time="2020-01-23T16:55:26+02:00" level=debug msg="  Generating \"Scheduler Config\"..."
time="2020-01-23T16:55:26+02:00" level=debug msg="  Fetching \"Image Content Source Policy\"..."
time="2020-01-23T16:55:26+02:00" level=debug msg="    Fetching \"Install Config\"..."
time="2020-01-23T16:55:26+02:00" level=debug msg="    Reusing previously-fetched \"Install Config\""
time="2020-01-23T16:55:26+02:00" level=debug msg="  Generating \"Image Content Source Policy\"..."
time="2020-01-23T16:55:26+02:00" level=debug msg="  Fetching \"Root CA\"..."
time="2020-01-23T16:55:26+02:00" level=debug msg="  Reusing previously-fetched \"Root CA\""
time="2020-01-23T16:55:26+02:00" level=debug msg="  Fetching \"Certificate (etcd-signer)\"..."
time="2020-01-23T16:55:26+02:00" level=debug msg="  Generating \"Certificate (etcd-signer)\"..."
time="2020-01-23T16:55:26+02:00" level=debug msg="  Fetching \"Certificate (etcd-ca-bundle)\"..."
time="2020-01-23T16:55:26+02:00" level=debug msg="    Fetching \"Certificate (etcd-signer)\"..."
time="2020-01-23T16:55:26+02:00" level=debug msg="    Reusing previously-fetched \"Certificate (etcd-signer)\""
time="2020-01-23T16:55:26+02:00" level=debug msg="  Generating \"Certificate (etcd-ca-bundle)\"..."
time="2020-01-23T16:55:26+02:00" level=debug msg="  Fetching \"Certificate (etcd-client)\"..."
time="2020-01-23T16:55:26+02:00" level=debug msg="    Fetching \"Certificate (etcd-signer)\"..."
time="2020-01-23T16:55:26+02:00" level=debug msg="    Reusing previously-fetched \"Certificate (etcd-signer)\""
time="2020-01-23T16:55:26+02:00" level=debug msg="  Generating \"Certificate (etcd-client)\"..."
time="2020-01-23T16:55:26+02:00" level=debug msg="  Fetching \"Certificate (etcd-metric-ca-bundle)\"..."
time="2020-01-23T16:55:26+02:00" level=debug msg="    Fetching \"Certificate (etcd-metric-signer)\"..."
time="2020-01-23T16:55:26+02:00" level=debug msg="    Generating \"Certificate (etcd-metric-signer)\"..."
time="2020-01-23T16:55:26+02:00" level=debug msg="  Generating \"Certificate (etcd-metric-ca-bundle)\"..."
time="2020-01-23T16:55:26+02:00" level=debug msg="  Fetching \"Certificate (etcd-metric-signer)\"..."
time="2020-01-23T16:55:26+02:00" level=debug msg="  Reusing previously-fetched \"Certificate (etcd-metric-signer)\""
time="2020-01-23T16:55:26+02:00" level=debug msg="  Fetching \"Certificate (etcd-metric-signer-client)\"..."
time="2020-01-23T16:55:26+02:00" level=debug msg="    Fetching \"Certificate (etcd-metric-signer)\"..."
time="2020-01-23T16:55:26+02:00" level=debug msg="    Reusing previously-fetched \"Certificate (etcd-metric-signer)\""
time="2020-01-23T16:55:26+02:00" level=debug msg="  Generating \"Certificate (etcd-metric-signer-client)\"..."
time="2020-01-23T16:55:26+02:00" level=debug msg="  Fetching \"Certificate (mcs)\"..."
time="2020-01-23T16:55:26+02:00" level=debug msg="    Fetching \"Root CA\"..."
time="2020-01-23T16:55:26+02:00" level=debug msg="    Reusing previously-fetched \"Root CA\""
time="2020-01-23T16:55:26+02:00" level=debug msg="    Fetching \"Install Config\"..."
time="2020-01-23T16:55:26+02:00" level=debug msg="    Reusing previously-fetched \"Install Config\""
time="2020-01-23T16:55:26+02:00" level=debug msg="  Generating \"Certificate (mcs)\"..."
time="2020-01-23T16:55:26+02:00" level=debug msg="  Fetching \"CVOOverrides\"..."
time="2020-01-23T16:55:26+02:00" level=debug msg="  Generating \"CVOOverrides\"..."
time="2020-01-23T16:55:26+02:00" level=debug msg="  Fetching \"EtcdCAConfigMap\"..."
time="2020-01-23T16:55:26+02:00" level=debug msg="  Generating \"EtcdCAConfigMap\"..."
time="2020-01-23T16:55:26+02:00" level=debug msg="  Fetching \"EtcdClientSecret\"..."
time="2020-01-23T16:55:26+02:00" level=debug msg="  Generating \"EtcdClientSecret\"..."
time="2020-01-23T16:55:26+02:00" level=debug msg="  Fetching \"EtcdHostServiceEndpoints\"..."
time="2020-01-23T16:55:26+02:00" level=debug msg="  Generating \"EtcdHostServiceEndpoints\"..."
time="2020-01-23T16:55:26+02:00" level=debug msg="  Fetching \"EtcdHostService\"..."
time="2020-01-23T16:55:26+02:00" level=debug msg="  Generating \"EtcdHostService\"..."
time="2020-01-23T16:55:26+02:00" level=debug msg="  Fetching \"EtcdMetricClientSecret\"..."
time="2020-01-23T16:55:26+02:00" level=debug msg="  Generating \"EtcdMetricClientSecret\"..."
time="2020-01-23T16:55:26+02:00" level=debug msg="  Fetching \"EtcdMetricServingCAConfigMap\"..."
time="2020-01-23T16:55:26+02:00" level=debug msg="  Generating \"EtcdMetricServingCAConfigMap\"..."
time="2020-01-23T16:55:26+02:00" level=debug msg="  Fetching \"EtcdMetricSignerSecret\"..."
time="2020-01-23T16:55:26+02:00" level=debug msg="  Generating \"EtcdMetricSignerSecret\"..."
time="2020-01-23T16:55:26+02:00" level=debug msg="  Fetching \"EtcdNamespace\"..."
time="2020-01-23T16:55:26+02:00" level=debug msg="  Generating \"EtcdNamespace\"..."
time="2020-01-23T16:55:26+02:00" level=debug msg="  Fetching \"EtcdService\"..."
time="2020-01-23T16:55:26+02:00" level=debug msg="  Generating \"EtcdService\"..."
time="2020-01-23T16:55:26+02:00" level=debug msg="  Fetching \"EtcdSignerSecret\"..."
time="2020-01-23T16:55:26+02:00" level=debug msg="  Generating \"EtcdSignerSecret\"..."
time="2020-01-23T16:55:26+02:00" level=debug msg="  Fetching \"KubeCloudConfig\"..."
time="2020-01-23T16:55:26+02:00" level=debug msg="  Generating \"KubeCloudConfig\"..."
time="2020-01-23T16:55:26+02:00" level=debug msg="  Fetching \"EtcdServingCAConfigMap\"..."
time="2020-01-23T16:55:26+02:00" level=debug msg="  Generating \"EtcdServingCAConfigMap\"..."
time="2020-01-23T16:55:26+02:00" level=debug msg="  Fetching \"KubeSystemConfigmapRootCA\"..."
time="2020-01-23T16:55:26+02:00" level=debug msg="  Generating \"KubeSystemConfigmapRootCA\"..."
time="2020-01-23T16:55:26+02:00" level=debug msg="  Fetching \"MachineConfigServerTLSSecret\"..."
time="2020-01-23T16:55:26+02:00" level=debug msg="  Generating \"MachineConfigServerTLSSecret\"..."
time="2020-01-23T16:55:26+02:00" level=debug msg="  Fetching \"OpenshiftConfigSecretPullSecret\"..."
time="2020-01-23T16:55:26+02:00" level=debug msg="  Generating \"OpenshiftConfigSecretPullSecret\"..."
time="2020-01-23T16:55:26+02:00" level=debug msg="  Fetching \"OpenshiftMachineConfigOperator\"..."
time="2020-01-23T16:55:26+02:00" level=debug msg="  Generating \"OpenshiftMachineConfigOperator\"..."
time="2020-01-23T16:55:26+02:00" level=debug msg="Generating \"Common Manifests\"..."
time="2020-01-23T16:55:26+02:00" level=debug msg="Fetching \"Openshift Manifests\"..."
time="2020-01-23T16:55:26+02:00" level=debug msg="Loading \"Openshift Manifests\"..."
time="2020-01-23T16:55:26+02:00" level=debug msg="  Loading \"Install Config\"..."
time="2020-01-23T16:55:26+02:00" level=debug msg="  Loading \"Cluster ID\"..."
time="2020-01-23T16:55:26+02:00" level=debug msg="  Loading \"Kubeadmin Password\"..."
time="2020-01-23T16:55:26+02:00" level=debug msg="  Loading \"CloudCredsSecret\"..."
time="2020-01-23T16:55:26+02:00" level=debug msg="  Loading \"KubeadminPasswordSecret\"..."
time="2020-01-23T16:55:26+02:00" level=debug msg="  Loading \"RoleCloudCredsSecretReader\"..."
time="2020-01-23T16:55:26+02:00" level=debug msg="  Loading \"RolebindingCloudCredsSecretReader\"..."
time="2020-01-23T16:55:26+02:00" level=debug msg="  Fetching \"Install Config\"..."
time="2020-01-23T16:55:26+02:00" level=debug msg="  Reusing previously-fetched \"Install Config\""
time="2020-01-23T16:55:26+02:00" level=debug msg="  Fetching \"Cluster ID\"..."
time="2020-01-23T16:55:26+02:00" level=debug msg="  Reusing previously-fetched \"Cluster ID\""
time="2020-01-23T16:55:26+02:00" level=debug msg="  Fetching \"Kubeadmin Password\"..."
time="2020-01-23T16:55:26+02:00" level=debug msg="  Generating \"Kubeadmin Password\"..."
time="2020-01-23T16:55:26+02:00" level=debug msg="  Fetching \"CloudCredsSecret\"..."
time="2020-01-23T16:55:26+02:00" level=debug msg="  Generating \"CloudCredsSecret\"..."
time="2020-01-23T16:55:26+02:00" level=debug msg="  Fetching \"KubeadminPasswordSecret\"..."
time="2020-01-23T16:55:26+02:00" level=debug msg="  Generating \"KubeadminPasswordSecret\"..."
time="2020-01-23T16:55:26+02:00" level=debug msg="  Fetching \"RoleCloudCredsSecretReader\"..."
time="2020-01-23T16:55:26+02:00" level=debug msg="  Generating \"RoleCloudCredsSecretReader\"..."
time="2020-01-23T16:55:26+02:00" level=debug msg="  Fetching \"RolebindingCloudCredsSecretReader\"..."
time="2020-01-23T16:55:26+02:00" level=debug msg="  Generating \"RolebindingCloudCredsSecretReader\"..."
time="2020-01-23T16:55:26+02:00" level=debug msg="Generating \"Openshift Manifests\"..."
time="2020-01-23T16:57:58+02:00" level=debug msg="OpenShift Installer v4.2.11"
time="2020-01-23T16:57:58+02:00" level=debug msg="Built from commit 6b629f0c847887f22c7a95586e49b0e2434161c3"
time="2020-01-23T16:57:58+02:00" level=debug msg="Fetching \"Kubeconfig Admin Client\"..."
time="2020-01-23T16:57:58+02:00" level=debug msg="Loading \"Kubeconfig Admin Client\"..."
time="2020-01-23T16:57:58+02:00" level=debug msg="  Loading \"Certificate (admin-kubeconfig-client)\"..."
time="2020-01-23T16:57:58+02:00" level=debug msg="    Loading \"Certificate (admin-kubeconfig-signer)\"..."
time="2020-01-23T16:57:58+02:00" level=debug msg="  Loading \"Certificate (kube-apiserver-complete-server-ca-bundle)\"..."
time="2020-01-23T16:57:58+02:00" level=debug msg="    Loading \"Certificate (kube-apiserver-localhost-ca-bundle)\"..."
time="2020-01-23T16:57:58+02:00" level=debug msg="      Loading \"Certificate (kube-apiserver-localhost-signer)\"..."
time="2020-01-23T16:57:58+02:00" level=debug msg="    Loading \"Certificate (kube-apiserver-service-network-ca-bundle)\"..."
time="2020-01-23T16:57:58+02:00" level=debug msg="      Loading \"Certificate (kube-apiserver-service-network-signer)\"..."
time="2020-01-23T16:57:58+02:00" level=debug msg="    Loading \"Certificate (kube-apiserver-lb-ca-bundle)\"..."
time="2020-01-23T16:57:58+02:00" level=debug msg="      Loading \"Certificate (kube-apiserver-lb-signer)\"..."
time="2020-01-23T16:57:58+02:00" level=debug msg="  Loading \"Install Config\"..."
time="2020-01-23T16:57:58+02:00" level=debug msg="    Loading \"SSH Key\"..."
time="2020-01-23T16:57:58+02:00" level=debug msg="    Loading \"Base Domain\"..."
time="2020-01-23T16:57:58+02:00" level=debug msg="      Loading \"Platform\"..."
time="2020-01-23T16:57:58+02:00" level=debug msg="    Loading \"Cluster Name\"..."
time="2020-01-23T16:57:58+02:00" level=debug msg="      Loading \"Base Domain\"..."
time="2020-01-23T16:57:58+02:00" level=debug msg="    Loading \"Pull Secret\"..."
time="2020-01-23T16:57:58+02:00" level=debug msg="    Loading \"Platform\"..."
time="2020-01-23T16:57:58+02:00" level=debug msg="  Using \"Install Config\" loaded from state file"
time="2020-01-23T16:57:58+02:00" level=debug msg="  Fetching \"Certificate (admin-kubeconfig-client)\"..."
time="2020-01-23T16:57:58+02:00" level=debug msg="    Fetching \"Certificate (admin-kubeconfig-signer)\"..."
time="2020-01-23T16:57:58+02:00" level=debug msg="    Generating \"Certificate (admin-kubeconfig-signer)\"..."
time="2020-01-23T16:57:58+02:00" level=debug msg="  Generating \"Certificate (admin-kubeconfig-client)\"..."
time="2020-01-23T16:57:58+02:00" level=debug msg="  Fetching \"Certificate (kube-apiserver-complete-server-ca-bundle)\"..."
time="2020-01-23T16:57:58+02:00" level=debug msg="    Fetching \"Certificate (kube-apiserver-localhost-ca-bundle)\"..."
time="2020-01-23T16:57:58+02:00" level=debug msg="      Fetching \"Certificate (kube-apiserver-localhost-signer)\"..."
time="2020-01-23T16:57:58+02:00" level=debug msg="      Generating \"Certificate (kube-apiserver-localhost-signer)\"..."
time="2020-01-23T16:57:58+02:00" level=debug msg="    Generating \"Certificate (kube-apiserver-localhost-ca-bundle)\"..."
time="2020-01-23T16:57:58+02:00" level=debug msg="    Fetching \"Certificate (kube-apiserver-service-network-ca-bundle)\"..."
time="2020-01-23T16:57:58+02:00" level=debug msg="      Fetching \"Certificate (kube-apiserver-service-network-signer)\"..."
time="2020-01-23T16:57:58+02:00" level=debug msg="      Generating \"Certificate (kube-apiserver-service-network-signer)\"..."
time="2020-01-23T16:57:58+02:00" level=debug msg="    Generating \"Certificate (kube-apiserver-service-network-ca-bundle)\"..."
time="2020-01-23T16:57:58+02:00" level=debug msg="    Fetching \"Certificate (kube-apiserver-lb-ca-bundle)\"..."
time="2020-01-23T16:57:58+02:00" level=debug msg="      Fetching \"Certificate (kube-apiserver-lb-signer)\"..."
time="2020-01-23T16:57:58+02:00" level=debug msg="      Generating \"Certificate (kube-apiserver-lb-signer)\"..."
time="2020-01-23T16:57:58+02:00" level=debug msg="    Generating \"Certificate (kube-apiserver-lb-ca-bundle)\"..."
time="2020-01-23T16:57:58+02:00" level=debug msg="  Generating \"Certificate (kube-apiserver-complete-server-ca-bundle)\"..."
time="2020-01-23T16:57:58+02:00" level=debug msg="  Fetching \"Install Config\"..."
time="2020-01-23T16:57:58+02:00" level=debug msg="  Reusing previously-fetched \"Install Config\""
time="2020-01-23T16:57:58+02:00" level=debug msg="Generating \"Kubeconfig Admin Client\"..."
time="2020-01-23T16:57:58+02:00" level=debug msg="Fetching \"Kubeadmin Password\"..."
time="2020-01-23T16:57:58+02:00" level=debug msg="Loading \"Kubeadmin Password\"..."
time="2020-01-23T16:57:58+02:00" level=debug msg="Using \"Kubeadmin Password\" loaded from state file"
time="2020-01-23T16:57:58+02:00" level=debug msg="Reusing previously-fetched \"Kubeadmin Password\""
time="2020-01-23T16:57:58+02:00" level=debug msg="Fetching \"Master Ignition Config\"..."
time="2020-01-23T16:57:58+02:00" level=debug msg="Loading \"Master Ignition Config\"..."
time="2020-01-23T16:57:58+02:00" level=debug msg="  Loading \"Install Config\"..."
time="2020-01-23T16:57:58+02:00" level=debug msg="  Loading \"Root CA\"..."
time="2020-01-23T16:57:58+02:00" level=debug msg="  Using \"Root CA\" loaded from state file"
time="2020-01-23T16:57:58+02:00" level=debug msg="Using \"Master Ignition Config\" loaded from state file"
time="2020-01-23T16:57:58+02:00" level=debug msg="Reusing previously-fetched \"Master Ignition Config\""
time="2020-01-23T16:57:58+02:00" level=debug msg="Fetching \"Worker Ignition Config\"..."
time="2020-01-23T16:57:58+02:00" level=debug msg="Loading \"Worker Ignition Config\"..."
time="2020-01-23T16:57:58+02:00" level=debug msg="  Loading \"Install Config\"..."
time="2020-01-23T16:57:58+02:00" level=debug msg="  Loading \"Root CA\"..."
time="2020-01-23T16:57:58+02:00" level=debug msg="Using \"Worker Ignition Config\" loaded from state file"
time="2020-01-23T16:57:58+02:00" level=debug msg="Reusing previously-fetched \"Worker Ignition Config\""
time="2020-01-23T16:57:58+02:00" level=debug msg="Fetching \"Bootstrap Ignition Config\"..."
time="2020-01-23T16:57:58+02:00" level=debug msg="Loading \"Bootstrap Ignition Config\"..."
time="2020-01-23T16:57:58+02:00" level=debug msg="  Loading \"Install Config\"..."
time="2020-01-23T16:57:58+02:00" level=debug msg="  Loading \"Kubeconfig Admin Internal Client\"..."
time="2020-01-23T16:57:58+02:00" level=debug msg="    Loading \"Certificate (admin-kubeconfig-client)\"..."
time="2020-01-23T16:57:58+02:00" level=debug msg="    Loading \"Certificate (kube-apiserver-complete-server-ca-bundle)\"..."
time="2020-01-23T16:57:58+02:00" level=debug msg="    Loading \"Install Config\"..."
time="2020-01-23T16:57:58+02:00" level=debug msg="  Loading \"Kubeconfig Kubelet\"..."
time="2020-01-23T16:57:58+02:00" level=debug msg="    Loading \"Certificate (kube-apiserver-complete-server-ca-bundle)\"..."
time="2020-01-23T16:57:58+02:00" level=debug msg="    Loading \"Certificate (kubelet-client)\"..."
time="2020-01-23T16:57:58+02:00" level=debug msg="      Loading \"Certificate (kubelet-bootstrap-kubeconfig-signer)\"..."
time="2020-01-23T16:57:58+02:00" level=debug msg="    Loading \"Install Config\"..."
time="2020-01-23T16:57:58+02:00" level=debug msg="  Loading \"Kubeconfig Admin Client (Loopback)\"..."
time="2020-01-23T16:57:58+02:00" level=debug msg="    Loading \"Certificate (admin-kubeconfig-client)\"..."
time="2020-01-23T16:57:58+02:00" level=debug msg="    Loading \"Certificate (kube-apiserver-localhost-ca-bundle)\"..."
time="2020-01-23T16:57:58+02:00" level=debug msg="    Loading \"Install Config\"..."
time="2020-01-23T16:57:58+02:00" level=debug msg="  Loading \"Master Machines\"..."
time="2020-01-23T16:57:58+02:00" level=debug msg="    Loading \"Cluster ID\"..."
time="2020-01-23T16:57:58+02:00" level=debug msg="      Loading \"Install Config\"..."
time="2020-01-23T16:57:58+02:00" level=debug msg="    Using \"Cluster ID\" loaded from state file"
time="2020-01-23T16:57:58+02:00" level=debug msg="    Loading \"Platform Credentials Check\"..."
time="2020-01-23T16:57:58+02:00" level=debug msg="      Loading \"Install Config\"..."
time="2020-01-23T16:57:58+02:00" level=debug msg="    Using \"Platform Credentials Check\" loaded from state file"
time="2020-01-23T16:57:58+02:00" level=debug msg="    Loading \"Install Config\"..."
time="2020-01-23T16:57:58+02:00" level=debug msg="    Loading \"Image\"..."
time="2020-01-23T16:57:58+02:00" level=debug msg="      Loading \"Install Config\"..."
time="2020-01-23T16:57:58+02:00" level=debug msg="    Using \"Image\" loaded from state file"
time="2020-01-23T16:57:58+02:00" level=debug msg="    Loading \"Master Ignition Config\"..."
time="2020-01-23T16:57:58+02:00" level=debug msg="  Loading \"Master Machines\" from both state file and target directory"
time="2020-01-23T16:57:58+02:00" level=debug msg="  Using \"Master Machines\" loaded from target directory"
time="2020-01-23T16:57:58+02:00" level=debug msg="  Loading \"Worker Machines\"..."
time="2020-01-23T16:57:58+02:00" level=debug msg="    Loading \"Cluster ID\"..."
time="2020-01-23T16:57:58+02:00" level=debug msg="    Loading \"Platform Credentials Check\"..."
time="2020-01-23T16:57:58+02:00" level=debug msg="    Loading \"Install Config\"..."
time="2020-01-23T16:57:58+02:00" level=debug msg="    Loading \"Image\"..."
time="2020-01-23T16:57:58+02:00" level=debug msg="    Loading \"Worker Ignition Config\"..."
time="2020-01-23T16:57:58+02:00" level=debug msg="  Loading \"Worker Machines\" from both state file and target directory"
time="2020-01-23T16:57:58+02:00" level=debug msg="  On-disk \"Worker Machines\" matches asset in state file"
time="2020-01-23T16:57:58+02:00" level=debug msg="  Using \"Worker Machines\" loaded from state file"
time="2020-01-23T16:57:58+02:00" level=debug msg="  Loading \"Common Manifests\"..."
time="2020-01-23T16:57:58+02:00" level=debug msg="    Loading \"Cluster ID\"..."
time="2020-01-23T16:57:58+02:00" level=debug msg="    Loading \"Install Config\"..."
time="2020-01-23T16:57:58+02:00" level=debug msg="    Loading \"Ingress Config\"..."
time="2020-01-23T16:57:58+02:00" level=debug msg="      Loading \"Install Config\"..."
time="2020-01-23T16:57:58+02:00" level=debug msg="    Using \"Ingress Config\" loaded from state file"
time="2020-01-23T16:57:58+02:00" level=debug msg="    Loading \"DNS Config\"..."
time="2020-01-23T16:57:58+02:00" level=debug msg="      Loading \"Install Config\"..."
time="2020-01-23T16:57:58+02:00" level=debug msg="      Loading \"Cluster ID\"..."
time="2020-01-23T16:57:58+02:00" level=debug msg="      Loading \"Platform Credentials Check\"..."
time="2020-01-23T16:57:58+02:00" level=debug msg="    Using \"DNS Config\" loaded from state file"
time="2020-01-23T16:57:58+02:00" level=debug msg="    Loading \"Infrastructure Config\"..."
time="2020-01-23T16:57:58+02:00" level=debug msg="      Loading \"Cluster ID\"..."
time="2020-01-23T16:57:58+02:00" level=debug msg="      Loading \"Install Config\"..."
time="2020-01-23T16:57:58+02:00" level=debug msg="      Loading \"Cloud Provider Config\"..."
time="2020-01-23T16:57:58+02:00" level=debug msg="        Loading \"Install Config\"..."
time="2020-01-23T16:57:58+02:00" level=debug msg="        Loading \"Cluster ID\"..."
time="2020-01-23T16:57:58+02:00" level=debug msg="        Loading \"Platform Credentials Check\"..."
time="2020-01-23T16:57:58+02:00" level=debug msg="      Using \"Cloud Provider Config\" loaded from state file"
time="2020-01-23T16:57:58+02:00" level=debug msg="      Loading \"Additional Trust Bundle Config\"..."
time="2020-01-23T16:57:58+02:00" level=debug msg="        Loading \"Install Config\"..."
time="2020-01-23T16:57:58+02:00" level=debug msg="      Using \"Additional Trust Bundle Config\" loaded from state file"
time="2020-01-23T16:57:58+02:00" level=debug msg="    Using \"Infrastructure Config\" loaded from state file"
time="2020-01-23T16:57:58+02:00" level=debug msg="    Loading \"Network Config\"..."
time="2020-01-23T16:57:58+02:00" level=debug msg="      Loading \"Install Config\"..."
time="2020-01-23T16:57:58+02:00" level=debug msg="      Loading \"Network CRDs\"..."
time="2020-01-23T16:57:58+02:00" level=debug msg="      Using \"Network CRDs\" loaded from state file"
time="2020-01-23T16:57:58+02:00" level=debug msg="    Using \"Network Config\" loaded from state file"
time="2020-01-23T16:57:58+02:00" level=debug msg="    Loading \"Proxy Config\"..."
time="2020-01-23T16:57:58+02:00" level=debug msg="      Loading \"Install Config\"..."
time="2020-01-23T16:57:58+02:00" level=debug msg="      Loading \"Network Config\"..."
time="2020-01-23T16:57:58+02:00" level=debug msg="    Using \"Proxy Config\" loaded from state file"
time="2020-01-23T16:57:58+02:00" level=debug msg="    Loading \"Scheduler Config\"..."
time="2020-01-23T16:57:58+02:00" level=debug msg="      Loading \"Install Config\"..."
time="2020-01-23T16:57:58+02:00" level=debug msg="    Using \"Scheduler Config\" loaded from state file"
time="2020-01-23T16:57:58+02:00" level=debug msg="    Loading \"Image Content Source Policy\"..."
time="2020-01-23T16:57:58+02:00" level=debug msg="      Loading \"Install Config\"..."
time="2020-01-23T16:57:58+02:00" level=debug msg="    Using \"Image Content Source Policy\" loaded from state file"
time="2020-01-23T16:57:58+02:00" level=debug msg="    Loading \"Root CA\"..."
time="2020-01-23T16:57:58+02:00" level=debug msg="    Loading \"Certificate (etcd-signer)\"..."
time="2020-01-23T16:57:58+02:00" level=debug msg="    Using \"Certificate (etcd-signer)\" loaded from state file"
time="2020-01-23T16:57:58+02:00" level=debug msg="    Loading \"Certificate (etcd-ca-bundle)\"..."
time="2020-01-23T16:57:58+02:00" level=debug msg="      Loading \"Certificate (etcd-signer)\"..."
time="2020-01-23T16:57:58+02:00" level=debug msg="    Using \"Certificate (etcd-ca-bundle)\" loaded from state file"
time="2020-01-23T16:57:58+02:00" level=debug msg="    Loading \"Certificate (etcd-client)\"..."
time="2020-01-23T16:57:58+02:00" level=debug msg="      Loading \"Certificate (etcd-signer)\"..."
time="2020-01-23T16:57:58+02:00" level=debug msg="    Using \"Certificate (etcd-client)\" loaded from state file"
time="2020-01-23T16:57:58+02:00" level=debug msg="    Loading \"Certificate (etcd-metric-ca-bundle)\"..."
time="2020-01-23T16:57:58+02:00" level=debug msg="      Loading \"Certificate (etcd-metric-signer)\"..."
time="2020-01-23T16:57:58+02:00" level=debug msg="      Using \"Certificate (etcd-metric-signer)\" loaded from state file"
time="2020-01-23T16:57:58+02:00" level=debug msg="    Using \"Certificate (etcd-metric-ca-bundle)\" loaded from state file"
time="2020-01-23T16:57:58+02:00" level=debug msg="    Loading \"Certificate (etcd-metric-signer)\"..."
time="2020-01-23T16:57:58+02:00" level=debug msg="    Loading \"Certificate (etcd-metric-signer-client)\"..."
time="2020-01-23T16:57:58+02:00" level=debug msg="      Loading \"Certificate (etcd-metric-signer)\"..."
time="2020-01-23T16:57:58+02:00" level=debug msg="    Using \"Certificate (etcd-metric-signer-client)\" loaded from state file"
time="2020-01-23T16:57:58+02:00" level=debug msg="    Loading \"Certificate (mcs)\"..."
time="2020-01-23T16:57:58+02:00" level=debug msg="      Loading \"Root CA\"..."
time="2020-01-23T16:57:58+02:00" level=debug msg="      Loading \"Install Config\"..."
time="2020-01-23T16:57:58+02:00" level=debug msg="    Using \"Certificate (mcs)\" loaded from state file"
time="2020-01-23T16:57:58+02:00" level=debug msg="    Loading \"CVOOverrides\"..."
time="2020-01-23T16:57:58+02:00" level=debug msg="    Using \"CVOOverrides\" loaded from state file"
time="2020-01-23T16:57:58+02:00" level=debug msg="    Loading \"EtcdCAConfigMap\"..."
time="2020-01-23T16:57:58+02:00" level=debug msg="    Using \"EtcdCAConfigMap\" loaded from state file"
time="2020-01-23T16:57:58+02:00" level=debug msg="    Loading \"EtcdClientSecret\"..."
time="2020-01-23T16:57:58+02:00" level=debug msg="    Using \"EtcdClientSecret\" loaded from state file"
time="2020-01-23T16:57:58+02:00" level=debug msg="    Loading \"EtcdHostServiceEndpoints\"..."
time="2020-01-23T16:57:58+02:00" level=debug msg="    Using \"EtcdHostServiceEndpoints\" loaded from state file"
time="2020-01-23T16:57:58+02:00" level=debug msg="    Loading \"EtcdHostService\"..."
time="2020-01-23T16:57:58+02:00" level=debug msg="    Using \"EtcdHostService\" loaded from state file"
time="2020-01-23T16:57:58+02:00" level=debug msg="    Loading \"EtcdMetricClientSecret\"..."
time="2020-01-23T16:57:58+02:00" level=debug msg="    Using \"EtcdMetricClientSecret\" loaded from state file"
time="2020-01-23T16:57:58+02:00" level=debug msg="    Loading \"EtcdMetricServingCAConfigMap\"..."
time="2020-01-23T16:57:58+02:00" level=debug msg="    Using \"EtcdMetricServingCAConfigMap\" loaded from state file"
time="2020-01-23T16:57:58+02:00" level=debug msg="    Loading \"EtcdMetricSignerSecret\"..."
time="2020-01-23T16:57:58+02:00" level=debug msg="    Using \"EtcdMetricSignerSecret\" loaded from state file"
time="2020-01-23T16:57:58+02:00" level=debug msg="    Loading \"EtcdNamespace\"..."
time="2020-01-23T16:57:58+02:00" level=debug msg="    Using \"EtcdNamespace\" loaded from state file"
time="2020-01-23T16:57:58+02:00" level=debug msg="    Loading \"EtcdService\"..."
time="2020-01-23T16:57:58+02:00" level=debug msg="    Using \"EtcdService\" loaded from state file"
time="2020-01-23T16:57:58+02:00" level=debug msg="    Loading \"EtcdSignerSecret\"..."
time="2020-01-23T16:57:58+02:00" level=debug msg="    Using \"EtcdSignerSecret\" loaded from state file"
time="2020-01-23T16:57:58+02:00" level=debug msg="    Loading \"KubeCloudConfig\"..."
time="2020-01-23T16:57:58+02:00" level=debug msg="    Using \"KubeCloudConfig\" loaded from state file"
time="2020-01-23T16:57:58+02:00" level=debug msg="    Loading \"EtcdServingCAConfigMap\"..."
time="2020-01-23T16:57:58+02:00" level=debug msg="    Using \"EtcdServingCAConfigMap\" loaded from state file"
time="2020-01-23T16:57:58+02:00" level=debug msg="    Loading \"KubeSystemConfigmapRootCA\"..."
time="2020-01-23T16:57:58+02:00" level=debug msg="    Using \"KubeSystemConfigmapRootCA\" loaded from state file"
time="2020-01-23T16:57:58+02:00" level=debug msg="    Loading \"MachineConfigServerTLSSecret\"..."
time="2020-01-23T16:57:58+02:00" level=debug msg="    Using \"MachineConfigServerTLSSecret\" loaded from state file"
time="2020-01-23T16:57:58+02:00" level=debug msg="    Loading \"OpenshiftConfigSecretPullSecret\"..."
time="2020-01-23T16:57:58+02:00" level=debug msg="    Using \"OpenshiftConfigSecretPullSecret\" loaded from state file"
time="2020-01-23T16:57:58+02:00" level=debug msg="    Loading \"OpenshiftMachineConfigOperator\"..."
time="2020-01-23T16:57:58+02:00" level=debug msg="    Using \"OpenshiftMachineConfigOperator\" loaded from state file"
time="2020-01-23T16:57:58+02:00" level=debug msg="  Loading \"Common Manifests\" from both state file and target directory"
time="2020-01-23T16:57:58+02:00" level=debug msg="  On-disk \"Common Manifests\" matches asset in state file"
time="2020-01-23T16:57:58+02:00" level=debug msg="  Using \"Common Manifests\" loaded from state file"
time="2020-01-23T16:57:58+02:00" level=debug msg="  Loading \"Openshift Manifests\"..."
time="2020-01-23T16:57:58+02:00" level=debug msg="    Loading \"Install Config\"..."
time="2020-01-23T16:57:58+02:00" level=debug msg="    Loading \"Cluster ID\"..."
time="2020-01-23T16:57:58+02:00" level=debug msg="    Loading \"Kubeadmin Password\"..."
time="2020-01-23T16:57:58+02:00" level=debug msg="    Loading \"CloudCredsSecret\"..."
time="2020-01-23T16:57:58+02:00" level=debug msg="    Using \"CloudCredsSecret\" loaded from state file"
time="2020-01-23T16:57:58+02:00" level=debug msg="    Loading \"KubeadminPasswordSecret\"..."
time="2020-01-23T16:57:58+02:00" level=debug msg="    Using \"KubeadminPasswordSecret\" loaded from state file"
time="2020-01-23T16:57:58+02:00" level=debug msg="    Loading \"RoleCloudCredsSecretReader\"..."
time="2020-01-23T16:57:58+02:00" level=debug msg="    Using \"RoleCloudCredsSecretReader\" loaded from state file"
time="2020-01-23T16:57:58+02:00" level=debug msg="    Loading \"RolebindingCloudCredsSecretReader\"..."
time="2020-01-23T16:57:58+02:00" level=debug msg="    Using \"RolebindingCloudCredsSecretReader\" loaded from state file"
time="2020-01-23T16:57:58+02:00" level=debug msg="  Loading \"Openshift Manifests\" from both state file and target directory"
time="2020-01-23T16:57:58+02:00" level=debug msg="  On-disk \"Openshift Manifests\" matches asset in state file"
time="2020-01-23T16:57:58+02:00" level=debug msg="  Using \"Openshift Manifests\" loaded from state file"
time="2020-01-23T16:57:58+02:00" level=debug msg="  Loading \"Proxy Config\"..."
time="2020-01-23T16:57:58+02:00" level=debug msg="  Loading \"Certificate (admin-kubeconfig-ca-bundle)\"..."
time="2020-01-23T16:57:58+02:00" level=debug msg="    Loading \"Certificate (admin-kubeconfig-signer)\"..."
time="2020-01-23T16:57:58+02:00" level=debug msg="  Loading \"Certificate (aggregator)\"..."
time="2020-01-23T16:57:58+02:00" level=debug msg="  Loading \"Certificate (aggregator-ca-bundle)\"..."
time="2020-01-23T16:57:58+02:00" level=debug msg="    Loading \"Certificate (aggregator-signer)\"..."
time="2020-01-23T16:57:58+02:00" level=debug msg="  Loading \"Certificate (system:kube-apiserver-proxy)\"..."
time="2020-01-23T16:57:58+02:00" level=debug msg="    Loading \"Certificate (aggregator-signer)\"..."
time="2020-01-23T16:57:58+02:00" level=debug msg="  Loading \"Certificate (aggregator-signer)\"..."
time="2020-01-23T16:57:58+02:00" level=debug msg="  Loading \"Certificate (system:kube-apiserver-proxy)\"..."
time="2020-01-23T16:57:58+02:00" level=debug msg="    Loading \"Certificate (aggregator)\"..."
time="2020-01-23T16:57:58+02:00" level=debug msg="  Loading \"Certificate (etcd-ca-bundle)\"..."
time="2020-01-23T16:57:58+02:00" level=debug msg="  Loading \"Certificate (etcd-metric-ca-bundle)\"..."
time="2020-01-23T16:57:58+02:00" level=debug msg="  Loading \"Certificate (etcd-metric-signer)\"..."
time="2020-01-23T16:57:58+02:00" level=debug msg="  Loading \"Certificate (etcd-metric-signer-client)\"..."
time="2020-01-23T16:57:58+02:00" level=debug msg="  Loading \"Certificate (etcd-signer)\"..."
time="2020-01-23T16:57:58+02:00" level=debug msg="  Loading \"Certificate (etcd-client)\"..."
time="2020-01-23T16:57:58+02:00" level=debug msg="  Loading \"Certificate (journal-gatewayd)\"..."
time="2020-01-23T16:57:58+02:00" level=debug msg="    Loading \"Root CA\"..."
time="2020-01-23T16:57:58+02:00" level=debug msg="  Loading \"Certificate (kube-apiserver-lb-ca-bundle)\"..."
time="2020-01-23T16:57:58+02:00" level=debug msg="  Loading \"Certificate (kube-apiserver-external-lb-server)\"..."
time="2020-01-23T16:57:58+02:00" level=debug msg="    Loading \"Certificate (kube-apiserver-lb-signer)\"..."
time="2020-01-23T16:57:58+02:00" level=debug msg="    Loading \"Install Config\"..."
time="2020-01-23T16:57:58+02:00" level=debug msg="  Loading \"Certificate (kube-apiserver-internal-lb-server)\"..."
time="2020-01-23T16:57:58+02:00" level=debug msg="    Loading \"Certificate (kube-apiserver-lb-signer)\"..."
time="2020-01-23T16:57:58+02:00" level=debug msg="    Loading \"Install Config\"..."
time="2020-01-23T16:57:58+02:00" level=debug msg="  Loading \"Certificate (kube-apiserver-lb-signer)\"..."
time="2020-01-23T16:57:58+02:00" level=debug msg="  Loading \"Certificate (kube-apiserver-localhost-ca-bundle)\"..."
time="2020-01-23T16:57:58+02:00" level=debug msg="  Loading \"Certificate (kube-apiserver-localhost-server)\"..."
time="2020-01-23T16:57:58+02:00" level=debug msg="    Loading \"Certificate (kube-apiserver-localhost-signer)\"..."
time="2020-01-23T16:57:58+02:00" level=debug msg="  Loading \"Certificate (kube-apiserver-localhost-signer)\"..."
time="2020-01-23T16:57:58+02:00" level=debug msg="  Loading \"Certificate (kube-apiserver-service-network-ca-bundle)\"..."
time="2020-01-23T16:57:58+02:00" level=debug msg="  Loading \"Certificate (kube-apiserver-service-network-server)\"..."
time="2020-01-23T16:57:58+02:00" level=debug msg="    Loading \"Certificate (kube-apiserver-service-network-signer)\"..."
time="2020-01-23T16:57:58+02:00" level=debug msg="    Loading \"Install Config\"..."
time="2020-01-23T16:57:58+02:00" level=debug msg="  Loading \"Certificate (kube-apiserver-service-network-signer)\"..."
time="2020-01-23T16:57:58+02:00" level=debug msg="  Loading \"Certificate (kube-apiserver-complete-server-ca-bundle)\"..."
time="2020-01-23T16:57:58+02:00" level=debug msg="  Loading \"Certificate (kube-apiserver-complete-client-ca-bundle)\"..."
time="2020-01-23T16:57:58+02:00" level=debug msg="    Loading \"Certificate (admin-kubeconfig-ca-bundle)\"..."
time="2020-01-23T16:57:58+02:00" level=debug msg="    Loading \"Certificate (kubelet-client-ca-bundle)\"..."
time="2020-01-23T16:57:58+02:00" level=debug msg="      Loading \"Certificate (kubelet-signer)\"..."
time="2020-01-23T16:57:58+02:00" level=debug msg="    Loading \"Certificate (kube-control-plane-ca-bundle)\"..."
time="2020-01-23T16:57:58+02:00" level=debug msg="      Loading \"Certificate (kube-control-plane-signer)\"..."
time="2020-01-23T16:57:58+02:00" level=debug msg="      Loading \"Certificate (kube-apiserver-lb-signer)\"..."
time="2020-01-23T16:57:58+02:00" level=debug msg="      Loading \"Certificate (kube-apiserver-localhost-signer)\"..."
time="2020-01-23T16:57:58+02:00" level=debug msg="      Loading \"Certificate (kube-apiserver-service-network-signer)\"..."
time="2020-01-23T16:57:58+02:00" level=debug msg="    Loading \"Certificate (kube-apiserver-to-kubelet-ca-bundle)\"..."
time="2020-01-23T16:57:58+02:00" level=debug msg="      Loading \"Certificate (kube-apiserver-to-kubelet-signer)\"..."
time="2020-01-23T16:57:58+02:00" level=debug msg="    Loading \"Certificate (kubelet-bootstrap-kubeconfig-ca-bundle)\"..."
time="2020-01-23T16:57:58+02:00" level=debug msg="      Loading \"Certificate (kubelet-bootstrap-kubeconfig-signer)\"..."
time="2020-01-23T16:57:58+02:00" level=debug msg="  Loading \"Certificate (kube-apiserver-to-kubelet-ca-bundle)\"..."
time="2020-01-23T16:57:58+02:00" level=debug msg="  Loading \"Certificate (kube-apiserver-to-kubelet-client)\"..."
time="2020-01-23T16:57:58+02:00" level=debug msg="    Loading \"Certificate (kube-apiserver-to-kubelet-signer)\"..."
time="2020-01-23T16:57:58+02:00" level=debug msg="  Loading \"Certificate (kube-apiserver-to-kubelet-signer)\"..."
time="2020-01-23T16:57:58+02:00" level=debug msg="  Loading \"Certificate (kube-control-plane-ca-bundle)\"..."
time="2020-01-23T16:57:58+02:00" level=debug msg="  Loading \"Certificate (kube-control-plane-kube-controller-manager-client)\"..."
time="2020-01-23T16:57:58+02:00" level=debug msg="    Loading \"Certificate (kube-control-plane-signer)\"..."
time="2020-01-23T16:57:58+02:00" level=debug msg="  Loading \"Certificate (kube-control-plane-kube-scheduler-client)\"..."
time="2020-01-23T16:57:58+02:00" level=debug msg="    Loading \"Certificate (kube-control-plane-signer)\"..."
time="2020-01-23T16:57:58+02:00" level=debug msg="  Loading \"Certificate (kube-control-plane-signer)\"..."
time="2020-01-23T16:57:58+02:00" level=debug msg="  Loading \"Certificate (kubelet-bootstrap-kubeconfig-ca-bundle)\"..."
time="2020-01-23T16:57:58+02:00" level=debug msg="  Loading \"Certificate (kubelet-client-ca-bundle)\"..."
time="2020-01-23T16:57:58+02:00" level=debug msg="  Loading \"Certificate (kubelet-client)\"..."
time="2020-01-23T16:57:58+02:00" level=debug msg="  Loading \"Certificate (kubelet-signer)\"..."
time="2020-01-23T16:57:58+02:00" level=debug msg="  Loading \"Certificate (kubelet-serving-ca-bundle)\"..."
time="2020-01-23T16:57:58+02:00" level=debug msg="    Loading \"Certificate (kubelet-signer)\"..."
time="2020-01-23T16:57:58+02:00" level=debug msg="  Loading \"Certificate (mcs)\"..."
time="2020-01-23T16:57:58+02:00" level=debug msg="  Loading \"Root CA\"..."
time="2020-01-23T16:57:58+02:00" level=debug msg="  Loading \"Key Pair (service-account.pub)\"..."
time="2020-01-23T16:57:58+02:00" level=debug msg="  Loading \"Release Image Pull Spec\"..."
time="2020-01-23T16:57:58+02:00" level=debug msg="  Loading \"Image\"..."
time="2020-01-23T16:57:58+02:00" level=debug msg="  Fetching \"Install Config\"..."
time="2020-01-23T16:57:58+02:00" level=debug msg="  Reusing previously-fetched \"Install Config\""
time="2020-01-23T16:57:58+02:00" level=debug msg="  Fetching \"Kubeconfig Admin Internal Client\"..."
time="2020-01-23T16:57:58+02:00" level=debug msg="    Fetching \"Certificate (admin-kubeconfig-client)\"..."
time="2020-01-23T16:57:58+02:00" level=debug msg="    Reusing previously-fetched \"Certificate (admin-kubeconfig-client)\""
time="2020-01-23T16:57:58+02:00" level=debug msg="    Fetching \"Certificate (kube-apiserver-complete-server-ca-bundle)\"..."
time="2020-01-23T16:57:58+02:00" level=debug msg="    Reusing previously-fetched \"Certificate (kube-apiserver-complete-server-ca-bundle)\""
time="2020-01-23T16:57:58+02:00" level=debug msg="    Fetching \"Install Config\"..."
time="2020-01-23T16:57:58+02:00" level=debug msg="    Reusing previously-fetched \"Install Config\""
time="2020-01-23T16:57:58+02:00" level=debug msg="  Generating \"Kubeconfig Admin Internal Client\"..."
time="2020-01-23T16:57:58+02:00" level=debug msg="  Fetching \"Kubeconfig Kubelet\"..."
time="2020-01-23T16:57:58+02:00" level=debug msg="    Fetching \"Certificate (kube-apiserver-complete-server-ca-bundle)\"..."
time="2020-01-23T16:57:58+02:00" level=debug msg="    Reusing previously-fetched \"Certificate (kube-apiserver-complete-server-ca-bundle)\""
time="2020-01-23T16:57:58+02:00" level=debug msg="    Fetching \"Certificate (kubelet-client)\"..."
time="2020-01-23T16:57:58+02:00" level=debug msg="      Fetching \"Certificate (kubelet-bootstrap-kubeconfig-signer)\"..."
time="2020-01-23T16:57:58+02:00" level=debug msg="      Generating \"Certificate (kubelet-bootstrap-kubeconfig-signer)\"..."
time="2020-01-23T16:57:59+02:00" level=debug msg="    Generating \"Certificate (kubelet-client)\"..."
time="2020-01-23T16:57:59+02:00" level=debug msg="    Fetching \"Install Config\"..."
time="2020-01-23T16:57:59+02:00" level=debug msg="    Reusing previously-fetched \"Install Config\""
time="2020-01-23T16:57:59+02:00" level=debug msg="  Generating \"Kubeconfig Kubelet\"..."
time="2020-01-23T16:57:59+02:00" level=debug msg="  Fetching \"Kubeconfig Admin Client (Loopback)\"..."
time="2020-01-23T16:57:59+02:00" level=debug msg="    Fetching \"Certificate (admin-kubeconfig-client)\"..."
time="2020-01-23T16:57:59+02:00" level=debug msg="    Reusing previously-fetched \"Certificate (admin-kubeconfig-client)\""
time="2020-01-23T16:57:59+02:00" level=debug msg="    Fetching \"Certificate (kube-apiserver-localhost-ca-bundle)\"..."
time="2020-01-23T16:57:59+02:00" level=debug msg="    Reusing previously-fetched \"Certificate (kube-apiserver-localhost-ca-bundle)\""
time="2020-01-23T16:57:59+02:00" level=debug msg="    Fetching \"Install Config\"..."
time="2020-01-23T16:57:59+02:00" level=debug msg="    Reusing previously-fetched \"Install Config\""
time="2020-01-23T16:57:59+02:00" level=debug msg="  Generating \"Kubeconfig Admin Client (Loopback)\"..."
time="2020-01-23T16:57:59+02:00" level=debug msg="  Fetching \"Master Machines\"..."
time="2020-01-23T16:57:59+02:00" level=debug msg="  Reusing previously-fetched \"Master Machines\""
time="2020-01-23T16:57:59+02:00" level=debug msg="  Fetching \"Worker Machines\"..."
time="2020-01-23T16:57:59+02:00" level=debug msg="  Reusing previously-fetched \"Worker Machines\""
time="2020-01-23T16:57:59+02:00" level=debug msg="  Fetching \"Common Manifests\"..."
time="2020-01-23T16:57:59+02:00" level=debug msg="  Reusing previously-fetched \"Common Manifests\""
time="2020-01-23T16:57:59+02:00" level=debug msg="  Fetching \"Openshift Manifests\"..."
time="2020-01-23T16:57:59+02:00" level=debug msg="  Reusing previously-fetched \"Openshift Manifests\""
time="2020-01-23T16:57:59+02:00" level=debug msg="  Fetching \"Proxy Config\"..."
time="2020-01-23T16:57:59+02:00" level=debug msg="  Reusing previously-fetched \"Proxy Config\""
time="2020-01-23T16:57:59+02:00" level=debug msg="  Fetching \"Certificate (admin-kubeconfig-ca-bundle)\"..."
time="2020-01-23T16:57:59+02:00" level=debug msg="    Fetching \"Certificate (admin-kubeconfig-signer)\"..."
time="2020-01-23T16:57:59+02:00" level=debug msg="    Reusing previously-fetched \"Certificate (admin-kubeconfig-signer)\""
time="2020-01-23T16:57:59+02:00" level=debug msg="  Generating \"Certificate (admin-kubeconfig-ca-bundle)\"..."
time="2020-01-23T16:57:59+02:00" level=debug msg="  Fetching \"Certificate (aggregator)\"..."
time="2020-01-23T16:57:59+02:00" level=debug msg="  Generating \"Certificate (aggregator)\"..."
time="2020-01-23T16:57:59+02:00" level=debug msg="  Fetching \"Certificate (aggregator-ca-bundle)\"..."
time="2020-01-23T16:57:59+02:00" level=debug msg="    Fetching \"Certificate (aggregator-signer)\"..."
time="2020-01-23T16:57:59+02:00" level=debug msg="    Generating \"Certificate (aggregator-signer)\"..."
time="2020-01-23T16:57:59+02:00" level=debug msg="  Generating \"Certificate (aggregator-ca-bundle)\"..."
time="2020-01-23T16:57:59+02:00" level=debug msg="  Fetching \"Certificate (system:kube-apiserver-proxy)\"..."
time="2020-01-23T16:57:59+02:00" level=debug msg="    Fetching \"Certificate (aggregator-signer)\"..."
time="2020-01-23T16:57:59+02:00" level=debug msg="    Reusing previously-fetched \"Certificate (aggregator-signer)\""
time="2020-01-23T16:57:59+02:00" level=debug msg="  Generating \"Certificate (system:kube-apiserver-proxy)\"..."
time="2020-01-23T16:57:59+02:00" level=debug msg="  Fetching \"Certificate (aggregator-signer)\"..."
time="2020-01-23T16:57:59+02:00" level=debug msg="  Reusing previously-fetched \"Certificate (aggregator-signer)\""
time="2020-01-23T16:57:59+02:00" level=debug msg="  Fetching \"Certificate (system:kube-apiserver-proxy)\"..."
time="2020-01-23T16:57:59+02:00" level=debug msg="    Fetching \"Certificate (aggregator)\"..."
time="2020-01-23T16:57:59+02:00" level=debug msg="    Reusing previously-fetched \"Certificate (aggregator)\""
time="2020-01-23T16:57:59+02:00" level=debug msg="  Generating \"Certificate (system:kube-apiserver-proxy)\"..."
time="2020-01-23T16:57:59+02:00" level=debug msg="  Fetching \"Certificate (etcd-ca-bundle)\"..."
time="2020-01-23T16:57:59+02:00" level=debug msg="  Reusing previously-fetched \"Certificate (etcd-ca-bundle)\""
time="2020-01-23T16:57:59+02:00" level=debug msg="  Fetching \"Certificate (etcd-metric-ca-bundle)\"..."
time="2020-01-23T16:57:59+02:00" level=debug msg="  Reusing previously-fetched \"Certificate (etcd-metric-ca-bundle)\""
time="2020-01-23T16:57:59+02:00" level=debug msg="  Fetching \"Certificate (etcd-metric-signer)\"..."
time="2020-01-23T16:57:59+02:00" level=debug msg="  Reusing previously-fetched \"Certificate (etcd-metric-signer)\""
time="2020-01-23T16:57:59+02:00" level=debug msg="  Fetching \"Certificate (etcd-metric-signer-client)\"..."
time="2020-01-23T16:57:59+02:00" level=debug msg="  Reusing previously-fetched \"Certificate (etcd-metric-signer-client)\""
time="2020-01-23T16:57:59+02:00" level=debug msg="  Fetching \"Certificate (etcd-signer)\"..."
time="2020-01-23T16:57:59+02:00" level=debug msg="  Reusing previously-fetched \"Certificate (etcd-signer)\""
time="2020-01-23T16:57:59+02:00" level=debug msg="  Fetching \"Certificate (etcd-client)\"..."
time="2020-01-23T16:57:59+02:00" level=debug msg="  Reusing previously-fetched \"Certificate (etcd-client)\""
time="2020-01-23T16:57:59+02:00" level=debug msg="  Fetching \"Certificate (journal-gatewayd)\"..."
time="2020-01-23T16:57:59+02:00" level=debug msg="    Fetching \"Root CA\"..."
time="2020-01-23T16:57:59+02:00" level=debug msg="    Reusing previously-fetched \"Root CA\""
time="2020-01-23T16:57:59+02:00" level=debug msg="  Generating \"Certificate (journal-gatewayd)\"..."
time="2020-01-23T16:58:00+02:00" level=debug msg="  Fetching \"Certificate (kube-apiserver-lb-ca-bundle)\"..."
time="2020-01-23T16:58:00+02:00" level=debug msg="  Reusing previously-fetched \"Certificate (kube-apiserver-lb-ca-bundle)\""
time="2020-01-23T16:58:00+02:00" level=debug msg="  Fetching \"Certificate (kube-apiserver-external-lb-server)\"..."
time="2020-01-23T16:58:00+02:00" level=debug msg="    Fetching \"Certificate (kube-apiserver-lb-signer)\"..."
time="2020-01-23T16:58:00+02:00" level=debug msg="    Reusing previously-fetched \"Certificate (kube-apiserver-lb-signer)\""
time="2020-01-23T16:58:00+02:00" level=debug msg="    Fetching \"Install Config\"..."
time="2020-01-23T16:58:00+02:00" level=debug msg="    Reusing previously-fetched \"Install Config\""
time="2020-01-23T16:58:00+02:00" level=debug msg="  Generating \"Certificate (kube-apiserver-external-lb-server)\"..."
time="2020-01-23T16:58:00+02:00" level=debug msg="  Fetching \"Certificate (kube-apiserver-internal-lb-server)\"..."
time="2020-01-23T16:58:00+02:00" level=debug msg="    Fetching \"Certificate (kube-apiserver-lb-signer)\"..."
time="2020-01-23T16:58:00+02:00" level=debug msg="    Reusing previously-fetched \"Certificate (kube-apiserver-lb-signer)\""
time="2020-01-23T16:58:00+02:00" level=debug msg="    Fetching \"Install Config\"..."
time="2020-01-23T16:58:00+02:00" level=debug msg="    Reusing previously-fetched \"Install Config\""
time="2020-01-23T16:58:00+02:00" level=debug msg="  Generating \"Certificate (kube-apiserver-internal-lb-server)\"..."
time="2020-01-23T16:58:00+02:00" level=debug msg="  Fetching \"Certificate (kube-apiserver-lb-signer)\"..."
time="2020-01-23T16:58:00+02:00" level=debug msg="  Reusing previously-fetched \"Certificate (kube-apiserver-lb-signer)\""
time="2020-01-23T16:58:00+02:00" level=debug msg="  Fetching \"Certificate (kube-apiserver-localhost-ca-bundle)\"..."
time="2020-01-23T16:58:00+02:00" level=debug msg="  Reusing previously-fetched \"Certificate (kube-apiserver-localhost-ca-bundle)\""
time="2020-01-23T16:58:00+02:00" level=debug msg="  Fetching \"Certificate (kube-apiserver-localhost-server)\"..."
time="2020-01-23T16:58:00+02:00" level=debug msg="    Fetching \"Certificate (kube-apiserver-localhost-signer)\"..."
time="2020-01-23T16:58:00+02:00" level=debug msg="    Reusing previously-fetched \"Certificate (kube-apiserver-localhost-signer)\""
time="2020-01-23T16:58:00+02:00" level=debug msg="  Generating \"Certificate (kube-apiserver-localhost-server)\"..."
time="2020-01-23T16:58:00+02:00" level=debug msg="  Fetching \"Certificate (kube-apiserver-localhost-signer)\"..."
time="2020-01-23T16:58:00+02:00" level=debug msg="  Reusing previously-fetched \"Certificate (kube-apiserver-localhost-signer)\""
time="2020-01-23T16:58:00+02:00" level=debug msg="  Fetching \"Certificate (kube-apiserver-service-network-ca-bundle)\"..."
time="2020-01-23T16:58:00+02:00" level=debug msg="  Reusing previously-fetched \"Certificate (kube-apiserver-service-network-ca-bundle)\""
time="2020-01-23T16:58:00+02:00" level=debug msg="  Fetching \"Certificate (kube-apiserver-service-network-server)\"..."
time="2020-01-23T16:58:00+02:00" level=debug msg="    Fetching \"Certificate (kube-apiserver-service-network-signer)\"..."
time="2020-01-23T16:58:00+02:00" level=debug msg="    Reusing previously-fetched \"Certificate (kube-apiserver-service-network-signer)\""
time="2020-01-23T16:58:00+02:00" level=debug msg="    Fetching \"Install Config\"..."
time="2020-01-23T16:58:00+02:00" level=debug msg="    Reusing previously-fetched \"Install Config\""
time="2020-01-23T16:58:00+02:00" level=debug msg="  Generating \"Certificate (kube-apiserver-service-network-server)\"..."
time="2020-01-23T16:58:00+02:00" level=debug msg="  Fetching \"Certificate (kube-apiserver-service-network-signer)\"..."
time="2020-01-23T16:58:00+02:00" level=debug msg="  Reusing previously-fetched \"Certificate (kube-apiserver-service-network-signer)\""
time="2020-01-23T16:58:00+02:00" level=debug msg="  Fetching \"Certificate (kube-apiserver-complete-server-ca-bundle)\"..."
time="2020-01-23T16:58:00+02:00" level=debug msg="  Reusing previously-fetched \"Certificate (kube-apiserver-complete-server-ca-bundle)\""
time="2020-01-23T16:58:00+02:00" level=debug msg="  Fetching \"Certificate (kube-apiserver-complete-client-ca-bundle)\"..."
time="2020-01-23T16:58:00+02:00" level=debug msg="    Fetching \"Certificate (admin-kubeconfig-ca-bundle)\"..."
time="2020-01-23T16:58:00+02:00" level=debug msg="    Reusing previously-fetched \"Certificate (admin-kubeconfig-ca-bundle)\""
time="2020-01-23T16:58:00+02:00" level=debug msg="    Fetching \"Certificate (kubelet-client-ca-bundle)\"..."
time="2020-01-23T16:58:00+02:00" level=debug msg="      Fetching \"Certificate (kubelet-signer)\"..."
time="2020-01-23T16:58:00+02:00" level=debug msg="      Generating \"Certificate (kubelet-signer)\"..."
time="2020-01-23T16:58:00+02:00" level=debug msg="    Generating \"Certificate (kubelet-client-ca-bundle)\"..."
time="2020-01-23T16:58:00+02:00" level=debug msg="    Fetching \"Certificate (kube-control-plane-ca-bundle)\"..."
time="2020-01-23T16:58:00+02:00" level=debug msg="      Fetching \"Certificate (kube-control-plane-signer)\"..."
time="2020-01-23T16:58:00+02:00" level=debug msg="      Generating \"Certificate (kube-control-plane-signer)\"..."
time="2020-01-23T16:58:00+02:00" level=debug msg="      Fetching \"Certificate (kube-apiserver-lb-signer)\"..."
time="2020-01-23T16:58:00+02:00" level=debug msg="      Reusing previously-fetched \"Certificate (kube-apiserver-lb-signer)\""
time="2020-01-23T16:58:00+02:00" level=debug msg="      Fetching \"Certificate (kube-apiserver-localhost-signer)\"..."
time="2020-01-23T16:58:00+02:00" level=debug msg="      Reusing previously-fetched \"Certificate (kube-apiserver-localhost-signer)\""
time="2020-01-23T16:58:00+02:00" level=debug msg="      Fetching \"Certificate (kube-apiserver-service-network-signer)\"..."
time="2020-01-23T16:58:00+02:00" level=debug msg="      Reusing previously-fetched \"Certificate (kube-apiserver-service-network-signer)\""
time="2020-01-23T16:58:00+02:00" level=debug msg="    Generating \"Certificate (kube-control-plane-ca-bundle)\"..."
time="2020-01-23T16:58:00+02:00" level=debug msg="    Fetching \"Certificate (kube-apiserver-to-kubelet-ca-bundle)\"..."
time="2020-01-23T16:58:00+02:00" level=debug msg="      Fetching \"Certificate (kube-apiserver-to-kubelet-signer)\"..."
time="2020-01-23T16:58:00+02:00" level=debug msg="      Generating \"Certificate (kube-apiserver-to-kubelet-signer)\"..."
time="2020-01-23T16:58:01+02:00" level=debug msg="    Generating \"Certificate (kube-apiserver-to-kubelet-ca-bundle)\"..."
time="2020-01-23T16:58:01+02:00" level=debug msg="    Fetching \"Certificate (kubelet-bootstrap-kubeconfig-ca-bundle)\"..."
time="2020-01-23T16:58:01+02:00" level=debug msg="      Fetching \"Certificate (kubelet-bootstrap-kubeconfig-signer)\"..."
time="2020-01-23T16:58:01+02:00" level=debug msg="      Reusing previously-fetched \"Certificate (kubelet-bootstrap-kubeconfig-signer)\""
time="2020-01-23T16:58:01+02:00" level=debug msg="    Generating \"Certificate (kubelet-bootstrap-kubeconfig-ca-bundle)\"..."
time="2020-01-23T16:58:01+02:00" level=debug msg="  Generating \"Certificate (kube-apiserver-complete-client-ca-bundle)\"..."
time="2020-01-23T16:58:01+02:00" level=debug msg="  Fetching \"Certificate (kube-apiserver-to-kubelet-ca-bundle)\"..."
time="2020-01-23T16:58:01+02:00" level=debug msg="  Reusing previously-fetched \"Certificate (kube-apiserver-to-kubelet-ca-bundle)\""
time="2020-01-23T16:58:01+02:00" level=debug msg="  Fetching \"Certificate (kube-apiserver-to-kubelet-client)\"..."
time="2020-01-23T16:58:01+02:00" level=debug msg="    Fetching \"Certificate (kube-apiserver-to-kubelet-signer)\"..."
time="2020-01-23T16:58:01+02:00" level=debug msg="    Reusing previously-fetched \"Certificate (kube-apiserver-to-kubelet-signer)\""
time="2020-01-23T16:58:01+02:00" level=debug msg="  Generating \"Certificate (kube-apiserver-to-kubelet-client)\"..."
time="2020-01-23T16:58:01+02:00" level=debug msg="  Fetching \"Certificate (kube-apiserver-to-kubelet-signer)\"..."
time="2020-01-23T16:58:01+02:00" level=debug msg="  Reusing previously-fetched \"Certificate (kube-apiserver-to-kubelet-signer)\""
time="2020-01-23T16:58:01+02:00" level=debug msg="  Fetching \"Certificate (kube-control-plane-ca-bundle)\"..."
time="2020-01-23T16:58:01+02:00" level=debug msg="  Reusing previously-fetched \"Certificate (kube-control-plane-ca-bundle)\""
time="2020-01-23T16:58:01+02:00" level=debug msg="  Fetching \"Certificate (kube-control-plane-kube-controller-manager-client)\"..."
time="2020-01-23T16:58:01+02:00" level=debug msg="    Fetching \"Certificate (kube-control-plane-signer)\"..."
time="2020-01-23T16:58:01+02:00" level=debug msg="    Reusing previously-fetched \"Certificate (kube-control-plane-signer)\""
time="2020-01-23T16:58:01+02:00" level=debug msg="  Generating \"Certificate (kube-control-plane-kube-controller-manager-client)\"..."
time="2020-01-23T16:58:01+02:00" level=debug msg="  Fetching \"Certificate (kube-control-plane-kube-scheduler-client)\"..."
time="2020-01-23T16:58:01+02:00" level=debug msg="    Fetching \"Certificate (kube-control-plane-signer)\"..."
time="2020-01-23T16:58:01+02:00" level=debug msg="    Reusing previously-fetched \"Certificate (kube-control-plane-signer)\""
time="2020-01-23T16:58:01+02:00" level=debug msg="  Generating \"Certificate (kube-control-plane-kube-scheduler-client)\"..."
time="2020-01-23T16:58:01+02:00" level=debug msg="  Fetching \"Certificate (kube-control-plane-signer)\"..."
time="2020-01-23T16:58:01+02:00" level=debug msg="  Reusing previously-fetched \"Certificate (kube-control-plane-signer)\""
time="2020-01-23T16:58:01+02:00" level=debug msg="  Fetching \"Certificate (kubelet-bootstrap-kubeconfig-ca-bundle)\"..."
time="2020-01-23T16:58:01+02:00" level=debug msg="  Reusing previously-fetched \"Certificate (kubelet-bootstrap-kubeconfig-ca-bundle)\""
time="2020-01-23T16:58:01+02:00" level=debug msg="  Fetching \"Certificate (kubelet-client-ca-bundle)\"..."
time="2020-01-23T16:58:01+02:00" level=debug msg="  Reusing previously-fetched \"Certificate (kubelet-client-ca-bundle)\""
time="2020-01-23T16:58:01+02:00" level=debug msg="  Fetching \"Certificate (kubelet-client)\"..."
time="2020-01-23T16:58:01+02:00" level=debug msg="  Reusing previously-fetched \"Certificate (kubelet-client)\""
time="2020-01-23T16:58:01+02:00" level=debug msg="  Fetching \"Certificate (kubelet-signer)\"..."
time="2020-01-23T16:58:01+02:00" level=debug msg="  Reusing previously-fetched \"Certificate (kubelet-signer)\""
time="2020-01-23T16:58:01+02:00" level=debug msg="  Fetching \"Certificate (kubelet-serving-ca-bundle)\"..."
time="2020-01-23T16:58:01+02:00" level=debug msg="    Fetching \"Certificate (kubelet-signer)\"..."
time="2020-01-23T16:58:01+02:00" level=debug msg="    Reusing previously-fetched \"Certificate (kubelet-signer)\""
time="2020-01-23T16:58:01+02:00" level=debug msg="  Generating \"Certificate (kubelet-serving-ca-bundle)\"..."
time="2020-01-23T16:58:01+02:00" level=debug msg="  Fetching \"Certificate (mcs)\"..."
time="2020-01-23T16:58:01+02:00" level=debug msg="  Reusing previously-fetched \"Certificate (mcs)\""
time="2020-01-23T16:58:01+02:00" level=debug msg="  Fetching \"Root CA\"..."
time="2020-01-23T16:58:01+02:00" level=debug msg="  Reusing previously-fetched \"Root CA\""
time="2020-01-23T16:58:01+02:00" level=debug msg="  Fetching \"Key Pair (service-account.pub)\"..."
time="2020-01-23T16:58:01+02:00" level=debug msg="  Generating \"Key Pair (service-account.pub)\"..."
time="2020-01-23T16:58:01+02:00" level=debug msg="  Fetching \"Release Image Pull Spec\"..."
time="2020-01-23T16:58:01+02:00" level=debug msg="  Generating \"Release Image Pull Spec\"..."
time="2020-01-23T16:58:01+02:00" level=debug msg="Using internal constant for release image quay.io/openshift-release-dev/ocp-release@sha256:77ade34c373062c6a6c869e0e56ef93b2faaa373adadaac1430b29484a24d843"
time="2020-01-23T16:58:01+02:00" level=debug msg="  Fetching \"Image\"..."
time="2020-01-23T16:58:01+02:00" level=debug msg="  Reusing previously-fetched \"Image\""
time="2020-01-23T16:58:01+02:00" level=debug msg="Generating \"Bootstrap Ignition Config\"..."
time="2020-01-23T16:58:01+02:00" level=info msg="Consuming \"Common Manifests\" from target directory"
time="2020-01-23T16:58:01+02:00" level=debug msg="Purging asset \"Common Manifests\" from disk"
time="2020-01-23T16:58:01+02:00" level=info msg="Consuming \"Openshift Manifests\" from target directory"
time="2020-01-23T16:58:01+02:00" level=debug msg="Purging asset \"Openshift Manifests\" from disk"
time="2020-01-23T16:58:01+02:00" level=info msg="Consuming \"Master Machines\" from target directory"
time="2020-01-23T16:58:01+02:00" level=debug msg="Purging asset \"Master Machines\" from disk"
time="2020-01-23T16:58:01+02:00" level=info msg="Consuming \"Worker Machines\" from target directory"
time="2020-01-23T16:58:01+02:00" level=debug msg="Purging asset \"Worker Machines\" from disk"
time="2020-01-23T16:58:01+02:00" level=debug msg="Fetching \"Metadata\"..."
time="2020-01-23T16:58:01+02:00" level=debug msg="Loading \"Metadata\"..."
time="2020-01-23T16:58:01+02:00" level=debug msg="  Loading \"Cluster ID\"..."
time="2020-01-23T16:58:01+02:00" level=debug msg="  Loading \"Install Config\"..."
time="2020-01-23T16:58:01+02:00" level=debug msg="  Fetching \"Cluster ID\"..."
time="2020-01-23T16:58:01+02:00" level=debug msg="  Reusing previously-fetched \"Cluster ID\""
time="2020-01-23T16:58:01+02:00" level=debug msg="  Fetching \"Install Config\"..."
time="2020-01-23T16:58:01+02:00" level=debug msg="  Reusing previously-fetched \"Install Config\""
time="2020-01-23T16:58:01+02:00" level=debug msg="Generating \"Metadata\"..."
time="2020-01-23T17:24:08+02:00" level=debug msg="OpenShift Installer v4.2.11"
time="2020-01-23T17:24:08+02:00" level=debug msg="Built from commit 6b629f0c847887f22c7a95586e49b0e2434161c3"
time="2020-01-23T17:24:08+02:00" level=info msg="Waiting up to 30m0s for the Kubernetes API at https://api.vmopen.bynet.dev:6443..."
time="2020-01-23T17:24:09+02:00" level=debug msg="Still waiting for the Kubernetes API: Get https://api.vmopen.bynet.dev:6443/version?timeout=32s: dial tcp: lookup api.vmopen.bynet.dev on 127.0.0.53:53: no such host"
time="2020-01-23T17:25:38+02:00" level=debug msg="OpenShift Installer v4.2.11"
time="2020-01-23T17:25:38+02:00" level=debug msg="Built from commit 6b629f0c847887f22c7a95586e49b0e2434161c3"
time="2020-01-23T17:25:38+02:00" level=info msg="Waiting up to 30m0s for the Kubernetes API at https://api.vmopen.bynet.dev:6443..."
time="2020-01-23T17:25:38+02:00" level=debug msg="Still waiting for the Kubernetes API: Get https://api.vmopen.bynet.dev:6443/version?timeout=32s: EOF"
time="2020-01-23T17:26:08+02:00" level=debug msg="Still waiting for the Kubernetes API: Get https://api.vmopen.bynet.dev:6443/version?timeout=32s: EOF"
time="2020-01-23T17:26:38+02:00" level=debug msg="Still waiting for the Kubernetes API: Get https://api.vmopen.bynet.dev:6443/version?timeout=32s: EOF"
time="2020-01-23T17:27:08+02:00" level=debug msg="Still waiting for the Kubernetes API: Get https://api.vmopen.bynet.dev:6443/version?timeout=32s: EOF"
time="2020-01-23T17:27:39+02:00" level=debug msg="Still waiting for the Kubernetes API: Get https://api.vmopen.bynet.dev:6443/version?timeout=32s: EOF"
time="2020-01-23T17:28:09+02:00" level=debug msg="Still waiting for the Kubernetes API: Get https://api.vmopen.bynet.dev:6443/version?timeout=32s: EOF"
time="2020-01-23T17:28:39+02:00" level=debug msg="Still waiting for the Kubernetes API: Get https://api.vmopen.bynet.dev:6443/version?timeout=32s: EOF"
time="2020-01-23T17:29:09+02:00" level=debug msg="Still waiting for the Kubernetes API: Get https://api.vmopen.bynet.dev:6443/version?timeout=32s: EOF"
time="2020-01-23T17:29:39+02:00" level=debug msg="Still waiting for the Kubernetes API: Get https://api.vmopen.bynet.dev:6443/version?timeout=32s: EOF"
time="2020-01-23T17:30:09+02:00" level=debug msg="Still waiting for the Kubernetes API: Get https://api.vmopen.bynet.dev:6443/version?timeout=32s: EOF"
time="2020-01-23T17:30:40+02:00" level=debug msg="Still waiting for the Kubernetes API: Get https://api.vmopen.bynet.dev:6443/version?timeout=32s: EOF"
time="2020-01-23T17:31:10+02:00" level=debug msg="Still waiting for the Kubernetes API: Get https://api.vmopen.bynet.dev:6443/version?timeout=32s: EOF"
time="2020-01-23T17:31:40+02:00" level=debug msg="Still waiting for the Kubernetes API: Get https://api.vmopen.bynet.dev:6443/version?timeout=32s: EOF"
time="2020-01-23T17:32:10+02:00" level=debug msg="Still waiting for the Kubernetes API: Get https://api.vmopen.bynet.dev:6443/version?timeout=32s: EOF"
time="2020-01-23T17:32:41+02:00" level=debug msg="Still waiting for the Kubernetes API: Get https://api.vmopen.bynet.dev:6443/version?timeout=32s: EOF"
time="2020-01-23T17:33:11+02:00" level=debug msg="Still waiting for the Kubernetes API: Get https://api.vmopen.bynet.dev:6443/version?timeout=32s: EOF"
time="2020-01-23T17:33:41+02:00" level=debug msg="Still waiting for the Kubernetes API: Get https://api.vmopen.bynet.dev:6443/version?timeout=32s: EOF"
time="2020-01-23T17:34:11+02:00" level=debug msg="Still waiting for the Kubernetes API: Get https://api.vmopen.bynet.dev:6443/version?timeout=32s: EOF"
time="2020-01-23T17:34:41+02:00" level=debug msg="Still waiting for the Kubernetes API: Get https://api.vmopen.bynet.dev:6443/version?timeout=32s: EOF"
time="2020-01-23T17:35:12+02:00" level=debug msg="Still waiting for the Kubernetes API: Get https://api.vmopen.bynet.dev:6443/version?timeout=32s: EOF"
time="2020-01-23T17:35:42+02:00" level=debug msg="Still waiting for the Kubernetes API: Get https://api.vmopen.bynet.dev:6443/version?timeout=32s: EOF"
time="2020-01-23T17:36:12+02:00" level=debug msg="Still waiting for the Kubernetes API: Get https://api.vmopen.bynet.dev:6443/version?timeout=32s: EOF"
time="2020-01-23T17:36:42+02:00" level=debug msg="Still waiting for the Kubernetes API: Get https://api.vmopen.bynet.dev:6443/version?timeout=32s: EOF"
time="2020-01-23T17:37:07+02:00" level=debug msg="Still waiting for the Kubernetes API: Get https://api.vmopen.bynet.dev:6443/version?timeout=32s: dial tcp: lookup api.vmopen.bynet.dev on 8.8.8.8:53: no such host"
time="2020-01-23T17:37:39+02:00" level=debug msg="Still waiting for the Kubernetes API: Get https://api.vmopen.bynet.dev:6443/version?timeout=32s: dial tcp: lookup api.vmopen.bynet.dev on 8.8.8.8:53: no such host"
time="2020-01-23T17:38:10+02:00" level=debug msg="Still waiting for the Kubernetes API: Get https://api.vmopen.bynet.dev:6443/version?timeout=32s: dial tcp: lookup api.vmopen.bynet.dev on 8.8.8.8:53: no such host"
time="2020-01-23T17:38:41+02:00" level=debug msg="Still waiting for the Kubernetes API: Get https://api.vmopen.bynet.dev:6443/version?timeout=32s: dial tcp: lookup api.vmopen.bynet.dev on 8.8.8.8:53: no such host"
time="2020-01-23T17:38:53+02:00" level=debug msg="Still waiting for the Kubernetes API: Get https://api.vmopen.bynet.dev:6443/version?timeout=32s: EOF"
time="2020-01-23T17:39:23+02:00" level=debug msg="Still waiting for the Kubernetes API: Get https://api.vmopen.bynet.dev:6443/version?timeout=32s: EOF"
time="2020-01-23T17:39:53+02:00" level=debug msg="Still waiting for the Kubernetes API: Get https://api.vmopen.bynet.dev:6443/version?timeout=32s: EOF"
time="2020-01-23T17:40:23+02:00" level=debug msg="Still waiting for the Kubernetes API: Get https://api.vmopen.bynet.dev:6443/version?timeout=32s: EOF"
time="2020-01-23T17:40:54+02:00" level=debug msg="Still waiting for the Kubernetes API: Get https://api.vmopen.bynet.dev:6443/version?timeout=32s: EOF"
time="2020-01-23T17:41:24+02:00" level=debug msg="Still waiting for the Kubernetes API: Get https://api.vmopen.bynet.dev:6443/version?timeout=32s: EOF"
time="2020-01-23T17:41:54+02:00" level=debug msg="Still waiting for the Kubernetes API: Get https://api.vmopen.bynet.dev:6443/version?timeout=32s: EOF"
time="2020-01-23T17:42:24+02:00" level=debug msg="Still waiting for the Kubernetes API: Get https://api.vmopen.bynet.dev:6443/version?timeout=32s: EOF"
time="2020-01-23T17:42:54+02:00" level=debug msg="Still waiting for the Kubernetes API: Get https://api.vmopen.bynet.dev:6443/version?timeout=32s: EOF"
time="2020-01-23T17:43:25+02:00" level=debug msg="Still waiting for the Kubernetes API: Get https://api.vmopen.bynet.dev:6443/version?timeout=32s: dial tcp: lookup api.vmopen.bynet.dev on 8.8.8.8:53: no such host"
time="2020-01-23T17:43:56+02:00" level=debug msg="Still waiting for the Kubernetes API: Get https://api.vmopen.bynet.dev:6443/version?timeout=32s: dial tcp: lookup api.vmopen.bynet.dev on 8.8.8.8:53: no such host"
time="2020-01-23T17:44:32+02:00" level=debug msg="Still waiting for the Kubernetes API: Get https://api.vmopen.bynet.dev:6443/version?timeout=32s: dial tcp: lookup api.vmopen.bynet.dev on 8.8.8.8:53: no such host"
time="2020-01-23T17:45:03+02:00" level=debug msg="Still waiting for the Kubernetes API: Get https://api.vmopen.bynet.dev:6443/version?timeout=32s: dial tcp: lookup api.vmopen.bynet.dev on 8.8.8.8:53: no such host"
time="2020-01-23T17:45:34+02:00" level=debug msg="Still waiting for the Kubernetes API: Get https://api.vmopen.bynet.dev:6443/version?timeout=32s: dial tcp: lookup api.vmopen.bynet.dev on 8.8.8.8:53: no such host"
time="2020-01-23T17:46:05+02:00" level=debug msg="Still waiting for the Kubernetes API: Get https://api.vmopen.bynet.dev:6443/version?timeout=32s: dial tcp: lookup api.vmopen.bynet.dev on 8.8.8.8:53: no such host"
time="2020-01-23T17:46:36+02:00" level=debug msg="Still waiting for the Kubernetes API: Get https://api.vmopen.bynet.dev:6443/version?timeout=32s: dial tcp: lookup api.vmopen.bynet.dev on 8.8.8.8:53: no such host"
time="2020-01-23T17:46:43+02:00" level=debug msg="Still waiting for the Kubernetes API: Get https://api.vmopen.bynet.dev:6443/version?timeout=32s: EOF"
time="2020-01-23T17:46:45+02:00" level=debug msg="Still waiting for the Kubernetes API: Get https://api.vmopen.bynet.dev:6443/version?timeout=32s: dial tcp: lookup api.vmopen.bynet.dev on 8.8.8.8:53: no such host"
time="2020-01-23T17:47:16+02:00" level=debug msg="Still waiting for the Kubernetes API: Get https://api.vmopen.bynet.dev:6443/version?timeout=32s: dial tcp: lookup api.vmopen.bynet.dev on 8.8.8.8:53: no such host"
time="2020-01-23T17:47:47+02:00" level=debug msg="Still waiting for the Kubernetes API: Get https://api.vmopen.bynet.dev:6443/version?timeout=32s: dial tcp: lookup api.vmopen.bynet.dev on 8.8.8.8:53: no such host"
time="2020-01-23T17:48:17+02:00" level=debug msg="Still waiting for the Kubernetes API: Get https://api.vmopen.bynet.dev:6443/version?timeout=32s: dial tcp: lookup api.vmopen.bynet.dev on 8.8.8.8:53: no such host"
time="2020-01-23T17:48:49+02:00" level=debug msg="Still waiting for the Kubernetes API: Get https://api.vmopen.bynet.dev:6443/version?timeout=32s: dial tcp: lookup api.vmopen.bynet.dev on 8.8.8.8:53: no such host"
time="2020-01-23T17:48:58+02:00" level=debug msg="Still waiting for the Kubernetes API: Get https://api.vmopen.bynet.dev:6443/version?timeout=32s: EOF"
time="2020-01-23T17:49:00+02:00" level=debug msg="Still waiting for the Kubernetes API: Get https://api.vmopen.bynet.dev:6443/version?timeout=32s: dial tcp: lookup api.vmopen.bynet.dev on 8.8.8.8:53: no such host"
time="2020-01-23T17:49:31+02:00" level=debug msg="Still waiting for the Kubernetes API: Get https://api.vmopen.bynet.dev:6443/version?timeout=32s: dial tcp: lookup api.vmopen.bynet.dev on 8.8.8.8:53: no such host"
time="2020-01-23T17:50:02+02:00" level=debug msg="Still waiting for the Kubernetes API: Get https://api.vmopen.bynet.dev:6443/version?timeout=32s: dial tcp: lookup api.vmopen.bynet.dev on 8.8.8.8:53: no such host"
time="2020-01-23T17:50:33+02:00" level=debug msg="Still waiting for the Kubernetes API: Get https://api.vmopen.bynet.dev:6443/version?timeout=32s: dial tcp: lookup api.vmopen.bynet.dev on 8.8.8.8:53: no such host"
time="2020-01-23T17:51:04+02:00" level=debug msg="Still waiting for the Kubernetes API: Get https://api.vmopen.bynet.dev:6443/version?timeout=32s: dial tcp: lookup api.vmopen.bynet.dev on 8.8.8.8:53: no such host"
time="2020-01-23T17:51:35+02:00" level=debug msg="Still waiting for the Kubernetes API: Get https://api.vmopen.bynet.dev:6443/version?timeout=32s: dial tcp: lookup api.vmopen.bynet.dev on 8.8.8.8:53: no such host"
time="2020-01-23T17:52:06+02:00" level=debug msg="Still waiting for the Kubernetes API: Get https://api.vmopen.bynet.dev:6443/version?timeout=32s: dial tcp: lookup api.vmopen.bynet.dev on 8.8.8.8:53: no such host"
